






Started logging.
2021/03/14 14:47:42 logging to c:\Users\36045\YandexDisk\[1] Видеоканал\[0] Урок ESP8266\#092 Универсальный Регулятор Температуры (ESP8266 + Blynk)\Sibeng24Regulator - 2021.03.09\examples\Arduino\ArduinoNano_Regulator_EEPROM_Single\inols.log
2021/03/14 14:47:42 Initial board configuration: {"Arduino Nano" arduino:avr:nano}
2021/03/14 14:47:42 Language server build path: C:\Users\36045\AppData\Local\Temp\arduino-language-server644108963
2021/03/14 14:47:42 Language server build sketch root: C:\Users\36045\AppData\Local\Temp\arduino-language-server644108963\sketch
2021/03/14 14:47:42 [92mIDE --> LS     CL: REQUEST initialize 0: [0m
2021/03/14 14:47:42 IDE --> initialize 0 [93m locked[0m
2021/03/14 14:47:42 IDE --> initialize 0 [93m unlocked[0m
2021/03/14 14:47:42 INIT--- initializing workbench
2021/03/14 14:47:42 INIT--- [93m locked[0m
2021/03/14 14:47:42     --> initialize(file:///c%3A/Users/36045/YandexDisk/%5B1%5D%20%D0%92%D0%B8%D0%B4%D0%B5%D0%BE%D0%BA%D0%B0%D0%BD%D0%B0%D0%BB/%5B0%5D%20%D0%A3%D1%80%D0%BE%D0%BA%20ESP8266/%23092%20%D0%A3%D0%BD%D0%B8%D0%B2%D0%B5%D1%80%D1%81%D0%B0%D0%BB%D1%8C%D0%BD%D1%8B%D0%B9%20%D0%A0%D0%B5%D0%B3%D1%83%D0%BB%D1%8F%D1%82%D0%BE%D1%80%20%D0%A2%D0%B5%D0%BC%D0%BF%D0%B5%D1%80%D0%B0%D1%82%D1%83%D1%80%D1%8B%20%28ESP8266%20%2B%20Blynk%29/Sibeng24Regulator%20-%202021.03.09/examples/Arduino/ArduinoNano_Regulator_EEPROM_Single)
2021/03/14 14:47:42 [91mIDE <-- LS     CL: ANSWER UNBOUND (0): [0m
2021/03/14 14:47:42 [92mIDE --> LS     CL: NOTIFICATION initialized: [0m
2021/03/14 14:47:42 running:  c:\Program Files\Arduino IDE\resources\app\node_modules\arduino-ide-extension\build\arduino-cli.exe compile --fqbn arduino:avr:nano --only-compilation-database --clean --source-override C:\Users\36045\AppData\Local\Temp\979310502 --build-path C:\Users\36045\AppData\Local\Temp\arduino-language-server644108963 --format json C:\Users\36045\YandexDisk\[1] Видеоканал\[0] Урок ESP8266\#092 Универсальный Регулятор Температуры (ESP8266 + Blynk)\Sibeng24Regulator - 2021.03.09\examples\Arduino\ArduinoNano_Regulator_EEPROM_Single
2021/03/14 14:47:44 arduino-cli output: {
  "compiler_out": "",
  "compiler_err": "",
  "builder_result": {
    "build_path": "C:\\Users\\36045\\AppData\\Local\\Temp\\arduino-language-server644108963",
    "used_libraries": [
      {
        "name": "Sibeng24Regulator",
        "architectures": [
          "*"
        ],
        "install_dir": "C:\\Users\\36045\\Documents\\Arduino\\libraries\\Sibeng24Regulator",
        "source_dir": "C:\\Users\\36045\\Documents\\Arduino\\libraries\\Sibeng24Regulator",
        "is_legacy": true,
        "location": 1,
        "examples": [
          "C:\\Users\\36045\\Documents\\Arduino\\libraries\\Sibeng24Regulator\\examples\\ESP8266\\ESP8266_Regulator_EEPROM_Simple",
          "C:\\Users\\36045\\Documents\\Arduino\\libraries\\Sibeng24Regulator\\examples\\ESP8266\\ESP8266_Regulator_EEPROM_Single",
          "C:\\Users\\36045\\Documents\\Arduino\\libraries\\Sibeng24Regulator\\examples\\ESP8266\\ESP8266_Regulator_EEPROM_Single_Plotter"
        ],
        "provides_includes": [
          "Sibeng24Regulator.h",
          "Sibeng24RegulatorEEPROM.h",
          "Sibeng24RegulatorEEPROM_AVR.h",
          "Sibeng24RegulatorEEPROM_ESP.h"
        ]
      },
      {
        "name": "EEPROM",
        "author": "Arduino, Christopher Andrews",
        "maintainer": "Arduino \u003cinfo@arduino.cc\u003e",
        "sentence": "Enables reading and writing to the permanent board storage.",
        "paragraph": "This library allows to read and write data in a memory type, the EEPROM, that keeps its content also when the board is powered off. The amount of EEPROM available depends on the microcontroller type.",
        "website": "http://www.arduino.cc/en/Reference/EEPROM",
        "category": "Data Storage",
        "architectures": [
          "avr"
        ],
        "install_dir": "C:\\Users\\36045\\AppData\\Local\\Arduino15\\packages\\arduino\\hardware\\avr\\1.8.3\\libraries\\EEPROM",
        "source_dir": "C:\\Users\\36045\\AppData\\Local\\Arduino15\\packages\\arduino\\hardware\\avr\\1.8.3\\libraries\\EEPROM\\src",
        "container_platform": "arduino:avr@1.8.3",
        "real_name": "EEPROM",
        "version": "2.0",
        "license": "Unspecified",
        "location": 2,
        "layout": 1,
        "examples": [
          "C:\\Users\\36045\\AppData\\Local\\Arduino15\\packages\\arduino\\hardware\\avr\\1.8.3\\libraries\\EEPROM\\examples\\eeprom_clear",
          "C:\\Users\\36045\\AppData\\Local\\Arduino15\\packages\\arduino\\hardware\\avr\\1.8.3\\libraries\\EEPROM\\examples\\eeprom_crc",
          "C:\\Users\\36045\\AppData\\Local\\Arduino15\\packages\\arduino\\hardware\\avr\\1.8.3\\libraries\\EEPROM\\examples\\eeprom_get",
          "C:\\Users\\36045\\AppData\\Local\\Arduino15\\packages\\arduino\\hardware\\avr\\1.8.3\\libraries\\EEPROM\\examples\\eeprom_iteration",
          "C:\\Users\\36045\\AppData\\Local\\Arduino15\\packages\\arduino\\hardware\\avr\\1.8.3\\libraries\\EEPROM\\examples\\eeprom_put",
          "C:\\Users\\36045\\AppData\\Local\\Arduino15\\packages\\arduino\\hardware\\avr\\1.8.3\\libraries\\EEPROM\\examples\\eeprom_read",
          "C:\\Users\\36045\\AppData\\Local\\Arduino15\\packages\\arduino\\hardware\\avr\\1.8.3\\libraries\\EEPROM\\examples\\eeprom_update",
          "C:\\Users\\36045\\AppData\\Local\\Arduino15\\packages\\arduino\\hardware\\avr\\1.8.3\\libraries\\EEPROM\\examples\\eeprom_write"
        ],
        "provides_includes": [
          "EEPROM.h"
        ]
      },
      {
        "name": "EEPROMAnything",
        "architectures": [
          "*"
        ],
        "install_dir": "C:\\Users\\36045\\Documents\\Arduino\\libraries\\EEPROMAnything",
        "source_dir": "C:\\Users\\36045\\Documents\\Arduino\\libraries\\EEPROMAnything",
        "is_legacy": true,
        "location": 1,
        "examples": [
          "C:\\Users\\36045\\Documents\\Arduino\\libraries\\EEPROMAnything\\examples\\eeprom_read_write"
        ],
        "provides_includes": [
          "EEPROMAnything.h"
        ]
      }
    ]
  },
  "success": true
}

2021/03/14 14:47:44 running:  c:\Program Files\Arduino IDE\resources\app\node_modules\arduino-ide-extension\build\arduino-cli.exe config dump --format json
2021/03/14 14:47:44 Arduino Data Dir ->  C:\Users\36045\AppData\Local\Arduino15
2021/03/14 14:47:44     Starting clangd: c:\Program Files\Arduino IDE\resources\app\node_modules\arduino-ide-extension\build\bin\clangd.exe -log=verbose --compile-commands-dir=C:\Users\36045\AppData\Local\Temp\arduino-language-server644108963 -query-driver=C:\Users\36045\AppData\Local\Arduino15\packages\**
2021/03/14 14:47:44 logging to c:\Users\36045\YandexDisk\[1] Видеоканал\[0] Урок ESP8266\#092 Универсальный Регулятор Температуры (ESP8266 + Blynk)\Sibeng24Regulator - 2021.03.09\examples\Arduino\ArduinoNano_Regulator_EEPROM_Single\inols-clangd.log
2021/03/14 14:47:44 logging to c:\Users\36045\YandexDisk\[1] Видеоканал\[0] Урок ESP8266\#092 Универсальный Регулятор Температуры (ESP8266 + Blynk)\Sibeng24Regulator - 2021.03.09\examples\Arduino\ArduinoNano_Regulator_EEPROM_Single\inols-clangd-err.log
2021/03/14 14:47:44 [91mIDE     LS --> CL: REQUEST initialize 0: [0m
2021/03/14 14:47:45 [92mIDE     LS <-- CL: ANSWER initialize 0 (0): [0m
2021/03/14 14:47:45 [91mIDE     LS --> CL: NOTIFICATION initialized: [0m
2021/03/14 14:47:45 INIT--- initializing workbench (done)
2021/03/14 14:47:45 INIT--- [93m unlocked[0m
2021/03/14 14:47:45 IDE --> initialized notif1 [93m read-locked[0m
2021/03/14 14:47:45 IDE --> initialized notif1 notification is not propagated to clangd
2021/03/14 14:47:45 IDE --> initialized notif1 [93m read-unlocked[0m
2021/03/14 14:47:45 [92mIDE --> LS     CL: NOTIFICATION textDocument/didOpen: [0m
2021/03/14 14:47:45 IDE --> textDocument/didOpen notif2 [93m locked[0m
2021/03/14 14:47:45 IDE --> textDocument/didOpen notif2 (file:///c%3A/Users/36045/YandexDisk/%5B1%5D%20%D0%92%D0%B8%D0%B4%D0%B5%D0%BE%D0%BA%D0%B0%D0%BD%D0%B0%D0%BB/%5B0%5D%20%D0%A3%D1%80%D0%BE%D0%BA%20ESP8266/%23092%20%D0%A3%D0%BD%D0%B8%D0%B2%D0%B5%D1%80%D1%81%D0%B0%D0%BB%D1%8C%D0%BD%D1%8B%D0%B9%20%D0%A0%D0%B5%D0%B3%D1%83%D0%BB%D1%8F%D1%82%D0%BE%D1%80%20%D0%A2%D0%B5%D0%BC%D0%BF%D0%B5%D1%80%D0%B0%D1%82%D1%83%D1%80%D1%8B%20%28ESP8266%20%2B%20Blynk%29/Sibeng24Regulator%20-%202021.03.09/examples/Arduino/ArduinoNano_Regulator_EEPROM_Single/ArduinoNano_Regulator_EEPROM_Single.ino@1 as 'cpp')
2021/03/14 14:47:45     increasing .ino tracked files count: 1
2021/03/14 14:47:45 IDE --> textDocument/didOpen notif2 to clang: didOpen(file:///C:/Users/36045/AppData/Local/Temp/arduino-language-server644108963/sketch/ArduinoNano_Regulator_EEPROM_Single.ino.cpp@1 as 'cpp')
2021/03/14 14:47:45 IDE --> textDocument/didOpen notif2 sent to Clang
2021/03/14 14:47:45 [91mIDE     LS --> CL: NOTIFICATION textDocument/didOpen: [0m
2021/03/14 14:47:45 IDE --> textDocument/didOpen notif2 Queued resfreshing document symbols
2021/03/14 14:47:45 IDE --> textDocument/didOpen notif2 [93m unlocked[0m
2021/03/14 14:47:45 SYLD--- [93m read-locked[0m
2021/03/14 14:47:45 SYLD--- requesting documentSymbol for file:///C:/Users/36045/AppData/Local/Temp/arduino-language-server644108963/sketch/ArduinoNano_Regulator_EEPROM_Single.ino.cpp
2021/03/14 14:47:45 SYLD--- [93m read-unlocked[0m
2021/03/14 14:47:45 [91mIDE     LS --> CL: REQUEST textDocument/documentSymbol 1: [0m
2021/03/14 14:47:45 [92mIDE --> LS     CL: NOTIFICATION textDocument/didOpen: [0m
2021/03/14 14:47:45 IDE --> textDocument/didOpen notif3 [93m locked[0m
2021/03/14 14:47:45 IDE --> textDocument/didOpen notif3 (file:///c%3A/Users/36045/YandexDisk/%5B1%5D%20%D0%92%D0%B8%D0%B4%D0%B5%D0%BE%D0%BA%D0%B0%D0%BD%D0%B0%D0%BB/%5B0%5D%20%D0%A3%D1%80%D0%BE%D0%BA%20ESP8266/%23092%20%D0%A3%D0%BD%D0%B8%D0%B2%D0%B5%D1%80%D1%81%D0%B0%D0%BB%D1%8C%D0%BD%D1%8B%D0%B9%20%D0%A0%D0%B5%D0%B3%D1%83%D0%BB%D1%8F%D1%82%D0%BE%D1%80%20%D0%A2%D0%B5%D0%BC%D0%BF%D0%B5%D1%80%D0%B0%D1%82%D1%83%D1%80%D1%8B%20%28ESP8266%20%2B%20Blynk%29/Sibeng24Regulator%20-%202021.03.09/examples/Arduino/ArduinoNano_Regulator_EEPROM_Single/Help.h@1 as 'cpp')
2021/03/14 14:47:45     URI: 'C:\Users\36045\YandexDisk\[1] Видеоканал\[0] Урок ESP8266\#092 Универсальный Регулятор Температуры (ESP8266 + Blynk)\Sibeng24Regulator - 2021.03.09\examples\Arduino\ArduinoNano_Regulator_EEPROM_Single\Help.h' -> 'C:\Users\36045\AppData\Local\Temp\arduino-language-server644108963\sketch\Help.h'
2021/03/14 14:47:45 [92mIDE     LS <-- CL: REQUEST window/workDoneProgress/create 0: [0m
2021/03/14 14:47:45 [91mIDE     LS --> CL: ANSWER UNBOUND (0): [0m
2021/03/14 14:47:45 [92mIDE     LS <-- CL: NOTIFICATION $/progress: TOKEN=backgroundIndexProgress BEGIN indexing [0m
2021/03/14 14:47:45 [92mIDE     LS <-- CL: NOTIFICATION $/progress: TOKEN=backgroundIndexProgress REPORT 0/1 0%[0m
2021/03/14 14:47:45 [91mIDE <-- LS     CL: REQUEST window/workDoneProgress/create 0: [0m
2021/03/14 14:47:45 IDE --> textDocument/didOpen notif3 to clang: didOpen(file:///C:/Users/36045/AppData/Local/Temp/arduino-language-server644108963/sketch/Help.h@1 as 'cpp')
2021/03/14 14:47:45 IDE --> textDocument/didOpen notif3 sent to Clang
2021/03/14 14:47:45 [91mIDE     LS --> CL: NOTIFICATION textDocument/didOpen: [0m
2021/03/14 14:47:45 IDE --> textDocument/didOpen notif3 [93m unlocked[0m
2021/03/14 14:47:45 [92mIDE --> LS     CL: NOTIFICATION textDocument/didOpen: [0m
2021/03/14 14:47:45 IDE --> textDocument/didOpen notif4 [93m locked[0m
2021/03/14 14:47:45 IDE --> textDocument/didOpen notif4 (file:///c%3A/Users/36045/YandexDisk/%5B1%5D%20%D0%92%D0%B8%D0%B4%D0%B5%D0%BE%D0%BA%D0%B0%D0%BD%D0%B0%D0%BB/%5B0%5D%20%D0%A3%D1%80%D0%BE%D0%BA%20ESP8266/%23092%20%D0%A3%D0%BD%D0%B8%D0%B2%D0%B5%D1%80%D1%81%D0%B0%D0%BB%D1%8C%D0%BD%D1%8B%D0%B9%20%D0%A0%D0%B5%D0%B3%D1%83%D0%BB%D1%8F%D1%82%D0%BE%D1%80%20%D0%A2%D0%B5%D0%BC%D0%BF%D0%B5%D1%80%D0%B0%D1%82%D1%83%D1%80%D1%8B%20%28ESP8266%20%2B%20Blynk%29/Sibeng24Regulator%20-%202021.03.09/examples/Arduino/ArduinoNano_Regulator_EEPROM_Single/Sensor.h@1 as 'cpp')
2021/03/14 14:47:45     URI: 'C:\Users\36045\YandexDisk\[1] Видеоканал\[0] Урок ESP8266\#092 Универсальный Регулятор Температуры (ESP8266 + Blynk)\Sibeng24Regulator - 2021.03.09\examples\Arduino\ArduinoNano_Regulator_EEPROM_Single\Sensor.h' -> 'C:\Users\36045\AppData\Local\Temp\arduino-language-server644108963\sketch\Sensor.h'
2021/03/14 14:47:45 IDE --> textDocument/didOpen notif4 to clang: didOpen(file:///C:/Users/36045/AppData/Local/Temp/arduino-language-server644108963/sketch/Sensor.h@1 as 'cpp')
2021/03/14 14:47:45 IDE --> textDocument/didOpen notif4 sent to Clang
2021/03/14 14:47:45 [91mIDE     LS --> CL: NOTIFICATION textDocument/didOpen: [0m
2021/03/14 14:47:45 IDE --> textDocument/didOpen notif4 [93m unlocked[0m
2021/03/14 14:47:45 [92mIDE --> LS     CL: NOTIFICATION textDocument/didOpen: [0m
2021/03/14 14:47:45 IDE --> textDocument/didOpen notif5 [93m locked[0m
2021/03/14 14:47:45 IDE --> textDocument/didOpen notif5 (file:///c%3A/Users/36045/YandexDisk/%5B1%5D%20%D0%92%D0%B8%D0%B4%D0%B5%D0%BE%D0%BA%D0%B0%D0%BD%D0%B0%D0%BB/%5B0%5D%20%D0%A3%D1%80%D0%BE%D0%BA%20ESP8266/%23092%20%D0%A3%D0%BD%D0%B8%D0%B2%D0%B5%D1%80%D1%81%D0%B0%D0%BB%D1%8C%D0%BD%D1%8B%D0%B9%20%D0%A0%D0%B5%D0%B3%D1%83%D0%BB%D1%8F%D1%82%D0%BE%D1%80%20%D0%A2%D0%B5%D0%BC%D0%BF%D0%B5%D1%80%D0%B0%D1%82%D1%83%D1%80%D1%8B%20%28ESP8266%20%2B%20Blynk%29/Sibeng24Regulator%20-%202021.03.09/examples/Arduino/ArduinoNano_Regulator_EEPROM_Single/Timers.h@1 as 'cpp')
2021/03/14 14:47:45     URI: 'C:\Users\36045\YandexDisk\[1] Видеоканал\[0] Урок ESP8266\#092 Универсальный Регулятор Температуры (ESP8266 + Blynk)\Sibeng24Regulator - 2021.03.09\examples\Arduino\ArduinoNano_Regulator_EEPROM_Single\Timers.h' -> 'C:\Users\36045\AppData\Local\Temp\arduino-language-server644108963\sketch\Timers.h'
2021/03/14 14:47:45 IDE --> textDocument/didOpen notif5 to clang: didOpen(file:///C:/Users/36045/AppData/Local/Temp/arduino-language-server644108963/sketch/Timers.h@1 as 'cpp')
2021/03/14 14:47:45 IDE --> textDocument/didOpen notif5 sent to Clang
2021/03/14 14:47:45 [91mIDE     LS --> CL: NOTIFICATION textDocument/didOpen: [0m
2021/03/14 14:47:45 IDE --> textDocument/didOpen notif5 [93m unlocked[0m
2021/03/14 14:47:45 [92mIDE --> LS     CL: NOTIFICATION textDocument/didOpen: [0m
2021/03/14 14:47:45 IDE --> textDocument/didOpen notif6 [93m locked[0m
2021/03/14 14:47:45 IDE --> textDocument/didOpen notif6 (file:///c%3A/Users/36045/YandexDisk/%5B1%5D%20%D0%92%D0%B8%D0%B4%D0%B5%D0%BE%D0%BA%D0%B0%D0%BD%D0%B0%D0%BB/%5B0%5D%20%D0%A3%D1%80%D0%BE%D0%BA%20ESP8266/%23092%20%D0%A3%D0%BD%D0%B8%D0%B2%D0%B5%D1%80%D1%81%D0%B0%D0%BB%D1%8C%D0%BD%D1%8B%D0%B9%20%D0%A0%D0%B5%D0%B3%D1%83%D0%BB%D1%8F%D1%82%D0%BE%D1%80%20%D0%A2%D0%B5%D0%BC%D0%BF%D0%B5%D1%80%D0%B0%D1%82%D1%83%D1%80%D1%8B%20%28ESP8266%20%2B%20Blynk%29/Sibeng24Regulator%20-%202021.03.09/examples/Arduino/ArduinoNano_Regulator_EEPROM_Single/Variables.h@1 as 'cpp')
2021/03/14 14:47:45     URI: 'C:\Users\36045\YandexDisk\[1] Видеоканал\[0] Урок ESP8266\#092 Универсальный Регулятор Температуры (ESP8266 + Blynk)\Sibeng24Regulator - 2021.03.09\examples\Arduino\ArduinoNano_Regulator_EEPROM_Single\Variables.h' -> 'C:\Users\36045\AppData\Local\Temp\arduino-language-server644108963\sketch\Variables.h'
2021/03/14 14:47:45 IDE --> textDocument/didOpen notif6 to clang: didOpen(file:///C:/Users/36045/AppData/Local/Temp/arduino-language-server644108963/sketch/Variables.h@1 as 'cpp')
2021/03/14 14:47:45 IDE --> textDocument/didOpen notif6 sent to Clang
2021/03/14 14:47:45 [91mIDE     LS --> CL: NOTIFICATION textDocument/didOpen: [0m
2021/03/14 14:47:45 IDE --> textDocument/didOpen notif6 [93m unlocked[0m
2021/03/14 14:47:45 [92mIDE --> LS     CL: REQUEST textDocument/codeAction 1: [0m
2021/03/14 14:47:45 IDE --> textDocument/codeAction 1 [93m read-locked[0m
2021/03/14 14:47:45 --> codeAction(file:///c%3A/Users/36045/YandexDisk/%5B1%5D%20%D0%92%D0%B8%D0%B4%D0%B5%D0%BE%D0%BA%D0%B0%D0%BD%D0%B0%D0%BB/%5B0%5D%20%D0%A3%D1%80%D0%BE%D0%BA%20ESP8266/%23092%20%D0%A3%D0%BD%D0%B8%D0%B2%D0%B5%D1%80%D1%81%D0%B0%D0%BB%D1%8C%D0%BD%D1%8B%D0%B9%20%D0%A0%D0%B5%D0%B3%D1%83%D0%BB%D1%8F%D1%82%D0%BE%D1%80%20%D0%A2%D0%B5%D0%BC%D0%BF%D0%B5%D1%80%D0%B0%D1%82%D1%83%D1%80%D1%8B%20%28ESP8266%20%2B%20Blynk%29/Sibeng24Regulator%20-%202021.03.09/examples/Arduino/ArduinoNano_Regulator_EEPROM_Single/ArduinoNano_Regulator_EEPROM_Single.ino:0:0)
2021/03/14 14:47:45     --> codeAction(file:///C:/Users/36045/AppData/Local/Temp/arduino-language-server644108963/sketch/ArduinoNano_Regulator_EEPROM_Single.ino.cpp:2:0)
2021/03/14 14:47:45 IDE --> textDocument/codeAction 1 sent to Clang
2021/03/14 14:47:45 [91mIDE     LS --> CL: REQUEST textDocument/codeAction 2: [0m
2021/03/14 14:47:45 [92mIDE     LS <-- CL: NOTIFICATION textDocument/publishDiagnostics: [0m
2021/03/14 14:47:45 CLG <-- textDocument/publishDiagnostics notif3 (queued)
2021/03/14 14:47:45 CLG <-- textDocument/publishDiagnostics notif3 [93m read-locked[0m
2021/03/14 14:47:45 CLG <-- textDocument/publishDiagnostics notif3 (running)
2021/03/14 14:47:45 CLG <-- textDocument/publishDiagnostics notif3 publishDiagnostics(file:///C:/Users/36045/AppData/Local/Temp/arduino-language-server644108963/sketch/Help.h):
2021/03/14 14:47:45 [92mIDE     LS <-- CL: NOTIFICATION textDocument/publishDiagnostics: [0m
2021/03/14 14:47:45 CLG <-- textDocument/publishDiagnostics notif4 (queued)
2021/03/14 14:47:45 CLG <-- textDocument/publishDiagnostics notif4 [93m read-locked[0m
2021/03/14 14:47:45 CLG <-- textDocument/publishDiagnostics notif4 (running)
2021/03/14 14:47:45 CLG <-- textDocument/publishDiagnostics notif4 publishDiagnostics(file:///C:/Users/36045/AppData/Local/Temp/arduino-language-server644108963/sketch/Variables.h):
2021/03/14 14:47:45 CLG <-- textDocument/publishDiagnostics notif4 > 5:6 - 1: unknown_typename
2021/03/14 14:47:45 CLG <-- textDocument/publishDiagnostics notif4 > 8:0 - 1: unknown_typename
2021/03/14 14:47:45 CLG <-- textDocument/publishDiagnostics notif4 > 11:0 - 1: unknown_typename
2021/03/14 14:47:45 CLG <-- textDocument/publishDiagnostics notif4 > 13:6 - 1: unknown_typename
2021/03/14 14:47:45     URI: 'C:\Users\36045\AppData\Local\Temp\arduino-language-server644108963\sketch\Help.h' -> 'C:\Users\36045\YandexDisk\[1] Видеоканал\[0] Урок ESP8266\#092 Универсальный Регулятор Температуры (ESP8266 + Blynk)\Sibeng24Regulator - 2021.03.09\examples\Arduino\ArduinoNano_Regulator_EEPROM_Single\Help.h'
2021/03/14 14:47:45               as URI: 'file:///c%3A/Users/36045/YandexDisk/%5B1%5D%20%D0%92%D0%B8%D0%B4%D0%B5%D0%BE%D0%BA%D0%B0%D0%BD%D0%B0%D0%BB/%5B0%5D%20%D0%A3%D1%80%D0%BE%D0%BA%20ESP8266/%23092%20%D0%A3%D0%BD%D0%B8%D0%B2%D0%B5%D1%80%D1%81%D0%B0%D0%BB%D1%8C%D0%BD%D1%8B%D0%B9%20%D0%A0%D0%B5%D0%B3%D1%83%D0%BB%D1%8F%D1%82%D0%BE%D1%80%20%D0%A2%D0%B5%D0%BC%D0%BF%D0%B5%D1%80%D0%B0%D1%82%D1%83%D1%80%D1%8B%20%28ESP8266%20%2B%20Blynk%29/Sibeng24Regulator%20-%202021.03.09/examples/Arduino/ArduinoNano_Regulator_EEPROM_Single/Help.h'
2021/03/14 14:47:45 CLG <-- textDocument/publishDiagnostics notif3 to IDE: publishDiagnostics(file:///c%3A/Users/36045/YandexDisk/%5B1%5D%20%D0%92%D0%B8%D0%B4%D0%B5%D0%BE%D0%BA%D0%B0%D0%BD%D0%B0%D0%BB/%5B0%5D%20%D0%A3%D1%80%D0%BE%D0%BA%20ESP8266/%23092%20%D0%A3%D0%BD%D0%B8%D0%B2%D0%B5%D1%80%D1%81%D0%B0%D0%BB%D1%8C%D0%BD%D1%8B%D0%B9%20%D0%A0%D0%B5%D0%B3%D1%83%D0%BB%D1%8F%D1%82%D0%BE%D1%80%20%D0%A2%D0%B5%D0%BC%D0%BF%D0%B5%D1%80%D0%B0%D1%82%D1%83%D1%80%D1%8B%20%28ESP8266%20%2B%20Blynk%29/Sibeng24Regulator%20-%202021.03.09/examples/Arduino/ArduinoNano_Regulator_EEPROM_Single/Help.h):
2021/03/14 14:47:45 [91mIDE <-- LS     CL: NOTIFICATION textDocument/publishDiagnostics: [0m
2021/03/14 14:47:45 CLG <-- textDocument/publishDiagnostics notif3 [93m read-unlocked[0m
2021/03/14 14:47:45     URI: 'C:\Users\36045\AppData\Local\Temp\arduino-language-server644108963\sketch\Variables.h' -> 'C:\Users\36045\YandexDisk\[1] Видеоканал\[0] Урок ESP8266\#092 Универсальный Регулятор Температуры (ESP8266 + Blynk)\Sibeng24Regulator - 2021.03.09\examples\Arduino\ArduinoNano_Regulator_EEPROM_Single\Variables.h'
2021/03/14 14:47:45               as URI: 'file:///c%3A/Users/36045/YandexDisk/%5B1%5D%20%D0%92%D0%B8%D0%B4%D0%B5%D0%BE%D0%BA%D0%B0%D0%BD%D0%B0%D0%BB/%5B0%5D%20%D0%A3%D1%80%D0%BE%D0%BA%20ESP8266/%23092%20%D0%A3%D0%BD%D0%B8%D0%B2%D0%B5%D1%80%D1%81%D0%B0%D0%BB%D1%8C%D0%BD%D1%8B%D0%B9%20%D0%A0%D0%B5%D0%B3%D1%83%D0%BB%D1%8F%D1%82%D0%BE%D1%80%20%D0%A2%D0%B5%D0%BC%D0%BF%D0%B5%D1%80%D0%B0%D1%82%D1%83%D1%80%D1%8B%20%28ESP8266%20%2B%20Blynk%29/Sibeng24Regulator%20-%202021.03.09/examples/Arduino/ArduinoNano_Regulator_EEPROM_Single/Variables.h'
2021/03/14 14:47:45 [92mIDE     LS <-- CL: NOTIFICATION textDocument/publishDiagnostics: [0m
2021/03/14 14:47:45 CLG <-- textDocument/publishDiagnostics notif5 (queued)
2021/03/14 14:47:45 CLG <-- textDocument/publishDiagnostics notif5 [93m read-locked[0m
2021/03/14 14:47:45 CLG <-- textDocument/publishDiagnostics notif5 (running)
2021/03/14 14:47:45 CLG <-- textDocument/publishDiagnostics notif5 publishDiagnostics(file:///C:/Users/36045/AppData/Local/Temp/arduino-language-server644108963/sketch/Sensor.h):
2021/03/14 14:47:45 CLG <-- textDocument/publishDiagnostics notif5 > 10:19 - 1: undeclared_var_use
2021/03/14 14:47:45 CLG <-- textDocument/publishDiagnostics notif5 > 16:19 - 1: undeclared_var_use
2021/03/14 14:47:45     URI: 'C:\Users\36045\AppData\Local\Temp\arduino-language-server644108963\sketch\Variables.h' -> 'C:\Users\36045\YandexDisk\[1] Видеоканал\[0] Урок ESP8266\#092 Универсальный Регулятор Температуры (ESP8266 + Blynk)\Sibeng24Regulator - 2021.03.09\examples\Arduino\ArduinoNano_Regulator_EEPROM_Single\Variables.h'
2021/03/14 14:47:45               as URI: 'file:///c%3A/Users/36045/YandexDisk/%5B1%5D%20%D0%92%D0%B8%D0%B4%D0%B5%D0%BE%D0%BA%D0%B0%D0%BD%D0%B0%D0%BB/%5B0%5D%20%D0%A3%D1%80%D0%BE%D0%BA%20ESP8266/%23092%20%D0%A3%D0%BD%D0%B8%D0%B2%D0%B5%D1%80%D1%81%D0%B0%D0%BB%D1%8C%D0%BD%D1%8B%D0%B9%20%D0%A0%D0%B5%D0%B3%D1%83%D0%BB%D1%8F%D1%82%D0%BE%D1%80%20%D0%A2%D0%B5%D0%BC%D0%BF%D0%B5%D1%80%D0%B0%D1%82%D1%83%D1%80%D1%8B%20%28ESP8266%20%2B%20Blynk%29/Sibeng24Regulator%20-%202021.03.09/examples/Arduino/ArduinoNano_Regulator_EEPROM_Single/Variables.h'
2021/03/14 14:47:45     URI: 'C:\Users\36045\AppData\Local\Temp\arduino-language-server644108963\sketch\Sensor.h' -> 'C:\Users\36045\YandexDisk\[1] Видеоканал\[0] Урок ESP8266\#092 Универсальный Регулятор Температуры (ESP8266 + Blynk)\Sibeng24Regulator - 2021.03.09\examples\Arduino\ArduinoNano_Regulator_EEPROM_Single\Sensor.h'
2021/03/14 14:47:45               as URI: 'file:///c%3A/Users/36045/YandexDisk/%5B1%5D%20%D0%92%D0%B8%D0%B4%D0%B5%D0%BE%D0%BA%D0%B0%D0%BD%D0%B0%D0%BB/%5B0%5D%20%D0%A3%D1%80%D0%BE%D0%BA%20ESP8266/%23092%20%D0%A3%D0%BD%D0%B8%D0%B2%D0%B5%D1%80%D1%81%D0%B0%D0%BB%D1%8C%D0%BD%D1%8B%D0%B9%20%D0%A0%D0%B5%D0%B3%D1%83%D0%BB%D1%8F%D1%82%D0%BE%D1%80%20%D0%A2%D0%B5%D0%BC%D0%BF%D0%B5%D1%80%D0%B0%D1%82%D1%83%D1%80%D1%8B%20%28ESP8266%20%2B%20Blynk%29/Sibeng24Regulator%20-%202021.03.09/examples/Arduino/ArduinoNano_Regulator_EEPROM_Single/Sensor.h'
2021/03/14 14:47:45     URI: 'C:\Users\36045\AppData\Local\Temp\arduino-language-server644108963\sketch\Variables.h' -> 'C:\Users\36045\YandexDisk\[1] Видеоканал\[0] Урок ESP8266\#092 Универсальный Регулятор Температуры (ESP8266 + Blynk)\Sibeng24Regulator - 2021.03.09\examples\Arduino\ArduinoNano_Regulator_EEPROM_Single\Variables.h'
2021/03/14 14:47:45               as URI: 'file:///c%3A/Users/36045/YandexDisk/%5B1%5D%20%D0%92%D0%B8%D0%B4%D0%B5%D0%BE%D0%BA%D0%B0%D0%BD%D0%B0%D0%BB/%5B0%5D%20%D0%A3%D1%80%D0%BE%D0%BA%20ESP8266/%23092%20%D0%A3%D0%BD%D0%B8%D0%B2%D0%B5%D1%80%D1%81%D0%B0%D0%BB%D1%8C%D0%BD%D1%8B%D0%B9%20%D0%A0%D0%B5%D0%B3%D1%83%D0%BB%D1%8F%D1%82%D0%BE%D1%80%20%D0%A2%D0%B5%D0%BC%D0%BF%D0%B5%D1%80%D0%B0%D1%82%D1%83%D1%80%D1%8B%20%28ESP8266%20%2B%20Blynk%29/Sibeng24Regulator%20-%202021.03.09/examples/Arduino/ArduinoNano_Regulator_EEPROM_Single/Variables.h'
2021/03/14 14:47:45     URI: 'C:\Users\36045\AppData\Local\Temp\arduino-language-server644108963\sketch\Sensor.h' -> 'C:\Users\36045\YandexDisk\[1] Видеоканал\[0] Урок ESP8266\#092 Универсальный Регулятор Температуры (ESP8266 + Blynk)\Sibeng24Regulator - 2021.03.09\examples\Arduino\ArduinoNano_Regulator_EEPROM_Single\Sensor.h'
2021/03/14 14:47:45               as URI: 'file:///c%3A/Users/36045/YandexDisk/%5B1%5D%20%D0%92%D0%B8%D0%B4%D0%B5%D0%BE%D0%BA%D0%B0%D0%BD%D0%B0%D0%BB/%5B0%5D%20%D0%A3%D1%80%D0%BE%D0%BA%20ESP8266/%23092%20%D0%A3%D0%BD%D0%B8%D0%B2%D0%B5%D1%80%D1%81%D0%B0%D0%BB%D1%8C%D0%BD%D1%8B%D0%B9%20%D0%A0%D0%B5%D0%B3%D1%83%D0%BB%D1%8F%D1%82%D0%BE%D1%80%20%D0%A2%D0%B5%D0%BC%D0%BF%D0%B5%D1%80%D0%B0%D1%82%D1%83%D1%80%D1%8B%20%28ESP8266%20%2B%20Blynk%29/Sibeng24Regulator%20-%202021.03.09/examples/Arduino/ArduinoNano_Regulator_EEPROM_Single/Sensor.h'
2021/03/14 14:47:45     URI: 'C:\Users\36045\AppData\Local\Temp\arduino-language-server644108963\sketch\Variables.h' -> 'C:\Users\36045\YandexDisk\[1] Видеоканал\[0] Урок ESP8266\#092 Универсальный Регулятор Температуры (ESP8266 + Blynk)\Sibeng24Regulator - 2021.03.09\examples\Arduino\ArduinoNano_Regulator_EEPROM_Single\Variables.h'
2021/03/14 14:47:45               as URI: 'file:///c%3A/Users/36045/YandexDisk/%5B1%5D%20%D0%92%D0%B8%D0%B4%D0%B5%D0%BE%D0%BA%D0%B0%D0%BD%D0%B0%D0%BB/%5B0%5D%20%D0%A3%D1%80%D0%BE%D0%BA%20ESP8266/%23092%20%D0%A3%D0%BD%D0%B8%D0%B2%D0%B5%D1%80%D1%81%D0%B0%D0%BB%D1%8C%D0%BD%D1%8B%D0%B9%20%D0%A0%D0%B5%D0%B3%D1%83%D0%BB%D1%8F%D1%82%D0%BE%D1%80%20%D0%A2%D0%B5%D0%BC%D0%BF%D0%B5%D1%80%D0%B0%D1%82%D1%83%D1%80%D1%8B%20%28ESP8266%20%2B%20Blynk%29/Sibeng24Regulator%20-%202021.03.09/examples/Arduino/ArduinoNano_Regulator_EEPROM_Single/Variables.h'
2021/03/14 14:47:45     URI: 'C:\Users\36045\AppData\Local\Temp\arduino-language-server644108963\sketch\Sensor.h' -> 'C:\Users\36045\YandexDisk\[1] Видеоканал\[0] Урок ESP8266\#092 Универсальный Регулятор Температуры (ESP8266 + Blynk)\Sibeng24Regulator - 2021.03.09\examples\Arduino\ArduinoNano_Regulator_EEPROM_Single\Sensor.h'
2021/03/14 14:47:45               as URI: 'file:///c%3A/Users/36045/YandexDisk/%5B1%5D%20%D0%92%D0%B8%D0%B4%D0%B5%D0%BE%D0%BA%D0%B0%D0%BD%D0%B0%D0%BB/%5B0%5D%20%D0%A3%D1%80%D0%BE%D0%BA%20ESP8266/%23092%20%D0%A3%D0%BD%D0%B8%D0%B2%D0%B5%D1%80%D1%81%D0%B0%D0%BB%D1%8C%D0%BD%D1%8B%D0%B9%20%D0%A0%D0%B5%D0%B3%D1%83%D0%BB%D1%8F%D1%82%D0%BE%D1%80%20%D0%A2%D0%B5%D0%BC%D0%BF%D0%B5%D1%80%D0%B0%D1%82%D1%83%D1%80%D1%8B%20%28ESP8266%20%2B%20Blynk%29/Sibeng24Regulator%20-%202021.03.09/examples/Arduino/ArduinoNano_Regulator_EEPROM_Single/Sensor.h'
2021/03/14 14:47:45 CLG <-- textDocument/publishDiagnostics notif5 to IDE: publishDiagnostics(file:///c%3A/Users/36045/YandexDisk/%5B1%5D%20%D0%92%D0%B8%D0%B4%D0%B5%D0%BE%D0%BA%D0%B0%D0%BD%D0%B0%D0%BB/%5B0%5D%20%D0%A3%D1%80%D0%BE%D0%BA%20ESP8266/%23092%20%D0%A3%D0%BD%D0%B8%D0%B2%D0%B5%D1%80%D1%81%D0%B0%D0%BB%D1%8C%D0%BD%D1%8B%D0%B9%20%D0%A0%D0%B5%D0%B3%D1%83%D0%BB%D1%8F%D1%82%D0%BE%D1%80%20%D0%A2%D0%B5%D0%BC%D0%BF%D0%B5%D1%80%D0%B0%D1%82%D1%83%D1%80%D1%8B%20%28ESP8266%20%2B%20Blynk%29/Sibeng24Regulator%20-%202021.03.09/examples/Arduino/ArduinoNano_Regulator_EEPROM_Single/Sensor.h):
2021/03/14 14:47:45 CLG <-- textDocument/publishDiagnostics notif5 > 10:19 - 1: undeclared_var_use
2021/03/14 14:47:45 CLG <-- textDocument/publishDiagnostics notif5 > 16:19 - 1: undeclared_var_use
2021/03/14 14:47:45 [91mIDE <-- LS     CL: NOTIFICATION textDocument/publishDiagnostics: [0m
2021/03/14 14:47:45     URI: 'C:\Users\36045\AppData\Local\Temp\arduino-language-server644108963\sketch\Variables.h' -> 'C:\Users\36045\YandexDisk\[1] Видеоканал\[0] Урок ESP8266\#092 Универсальный Регулятор Температуры (ESP8266 + Blynk)\Sibeng24Regulator - 2021.03.09\examples\Arduino\ArduinoNano_Regulator_EEPROM_Single\Variables.h'
2021/03/14 14:47:45               as URI: 'file:///c%3A/Users/36045/YandexDisk/%5B1%5D%20%D0%92%D0%B8%D0%B4%D0%B5%D0%BE%D0%BA%D0%B0%D0%BD%D0%B0%D0%BB/%5B0%5D%20%D0%A3%D1%80%D0%BE%D0%BA%20ESP8266/%23092%20%D0%A3%D0%BD%D0%B8%D0%B2%D0%B5%D1%80%D1%81%D0%B0%D0%BB%D1%8C%D0%BD%D1%8B%D0%B9%20%D0%A0%D0%B5%D0%B3%D1%83%D0%BB%D1%8F%D1%82%D0%BE%D1%80%20%D0%A2%D0%B5%D0%BC%D0%BF%D0%B5%D1%80%D0%B0%D1%82%D1%83%D1%80%D1%8B%20%28ESP8266%20%2B%20Blynk%29/Sibeng24Regulator%20-%202021.03.09/examples/Arduino/ArduinoNano_Regulator_EEPROM_Single/Variables.h'
2021/03/14 14:47:45 CLG <-- textDocument/publishDiagnostics notif4 to IDE: publishDiagnostics(file:///c%3A/Users/36045/YandexDisk/%5B1%5D%20%D0%92%D0%B8%D0%B4%D0%B5%D0%BE%D0%BA%D0%B0%D0%BD%D0%B0%D0%BB/%5B0%5D%20%D0%A3%D1%80%D0%BE%D0%BA%20ESP8266/%23092%20%D0%A3%D0%BD%D0%B8%D0%B2%D0%B5%D1%80%D1%81%D0%B0%D0%BB%D1%8C%D0%BD%D1%8B%D0%B9%20%D0%A0%D0%B5%D0%B3%D1%83%D0%BB%D1%8F%D1%82%D0%BE%D1%80%20%D0%A2%D0%B5%D0%BC%D0%BF%D0%B5%D1%80%D0%B0%D1%82%D1%83%D1%80%D1%8B%20%28ESP8266%20%2B%20Blynk%29/Sibeng24Regulator%20-%202021.03.09/examples/Arduino/ArduinoNano_Regulator_EEPROM_Single/Variables.h):
2021/03/14 14:47:45 CLG <-- textDocument/publishDiagnostics notif4 > 5:6 - 1: unknown_typename
2021/03/14 14:47:45 CLG <-- textDocument/publishDiagnostics notif4 > 8:0 - 1: unknown_typename
2021/03/14 14:47:45 CLG <-- textDocument/publishDiagnostics notif4 > 11:0 - 1: unknown_typename
2021/03/14 14:47:45 CLG <-- textDocument/publishDiagnostics notif4 > 13:6 - 1: unknown_typename
2021/03/14 14:47:45 CLG <-- textDocument/publishDiagnostics notif5 [93m read-unlocked[0m
2021/03/14 14:47:45 [91mIDE <-- LS     CL: NOTIFICATION textDocument/publishDiagnostics: [0m
2021/03/14 14:47:45 CLG <-- textDocument/publishDiagnostics notif4 [93m read-unlocked[0m
2021/03/14 14:47:45 [92mIDE     LS <-- CL: NOTIFICATION textDocument/publishDiagnostics: [0m
2021/03/14 14:47:45 CLG <-- textDocument/publishDiagnostics notif6 (queued)
2021/03/14 14:47:45 CLG <-- textDocument/publishDiagnostics notif6 [93m read-locked[0m
2021/03/14 14:47:45 CLG <-- textDocument/publishDiagnostics notif6 (running)
2021/03/14 14:47:45 CLG <-- textDocument/publishDiagnostics notif6 publishDiagnostics(file:///C:/Users/36045/AppData/Local/Temp/arduino-language-server644108963/sketch/Timers.h):
2021/03/14 14:47:45 CLG <-- textDocument/publishDiagnostics notif6 > 5:11 - 1: unknown_typename
2021/03/14 14:47:45 CLG <-- textDocument/publishDiagnostics notif6 > 5:26 - 1: unknown_typename
2021/03/14 14:47:45 CLG <-- textDocument/publishDiagnostics notif6 > 6:7 - 1: undeclared_var_use
2021/03/14 14:47:45 CLG <-- textDocument/publishDiagnostics notif6 > 6:16 - 1: undeclared_var_use
2021/03/14 14:47:45 CLG <-- textDocument/publishDiagnostics notif6 > 8:12 - 1: undeclared_var_use
2021/03/14 14:47:45     URI: 'C:\Users\36045\AppData\Local\Temp\arduino-language-server644108963\sketch\Timers.h' -> 'C:\Users\36045\YandexDisk\[1] Видеоканал\[0] Урок ESP8266\#092 Универсальный Регулятор Температуры (ESP8266 + Blynk)\Sibeng24Regulator - 2021.03.09\examples\Arduino\ArduinoNano_Regulator_EEPROM_Single\Timers.h'
2021/03/14 14:47:45               as URI: 'file:///c%3A/Users/36045/YandexDisk/%5B1%5D%20%D0%92%D0%B8%D0%B4%D0%B5%D0%BE%D0%BA%D0%B0%D0%BD%D0%B0%D0%BB/%5B0%5D%20%D0%A3%D1%80%D0%BE%D0%BA%20ESP8266/%23092%20%D0%A3%D0%BD%D0%B8%D0%B2%D0%B5%D1%80%D1%81%D0%B0%D0%BB%D1%8C%D0%BD%D1%8B%D0%B9%20%D0%A0%D0%B5%D0%B3%D1%83%D0%BB%D1%8F%D1%82%D0%BE%D1%80%20%D0%A2%D0%B5%D0%BC%D0%BF%D0%B5%D1%80%D0%B0%D1%82%D1%83%D1%80%D1%8B%20%28ESP8266%20%2B%20Blynk%29/Sibeng24Regulator%20-%202021.03.09/examples/Arduino/ArduinoNano_Regulator_EEPROM_Single/Timers.h'
2021/03/14 14:47:45     URI: 'C:\Users\36045\AppData\Local\Temp\arduino-language-server644108963\sketch\Timers.h' -> 'C:\Users\36045\YandexDisk\[1] Видеоканал\[0] Урок ESP8266\#092 Универсальный Регулятор Температуры (ESP8266 + Blynk)\Sibeng24Regulator - 2021.03.09\examples\Arduino\ArduinoNano_Regulator_EEPROM_Single\Timers.h'
2021/03/14 14:47:45               as URI: 'file:///c%3A/Users/36045/YandexDisk/%5B1%5D%20%D0%92%D0%B8%D0%B4%D0%B5%D0%BE%D0%BA%D0%B0%D0%BD%D0%B0%D0%BB/%5B0%5D%20%D0%A3%D1%80%D0%BE%D0%BA%20ESP8266/%23092%20%D0%A3%D0%BD%D0%B8%D0%B2%D0%B5%D1%80%D1%81%D0%B0%D0%BB%D1%8C%D0%BD%D1%8B%D0%B9%20%D0%A0%D0%B5%D0%B3%D1%83%D0%BB%D1%8F%D1%82%D0%BE%D1%80%20%D0%A2%D0%B5%D0%BC%D0%BF%D0%B5%D1%80%D0%B0%D1%82%D1%83%D1%80%D1%8B%20%28ESP8266%20%2B%20Blynk%29/Sibeng24Regulator%20-%202021.03.09/examples/Arduino/ArduinoNano_Regulator_EEPROM_Single/Timers.h'
2021/03/14 14:47:45     URI: 'C:\Users\36045\AppData\Local\Temp\arduino-language-server644108963\sketch\Timers.h' -> 'C:\Users\36045\YandexDisk\[1] Видеоканал\[0] Урок ESP8266\#092 Универсальный Регулятор Температуры (ESP8266 + Blynk)\Sibeng24Regulator - 2021.03.09\examples\Arduino\ArduinoNano_Regulator_EEPROM_Single\Timers.h'
2021/03/14 14:47:45               as URI: 'file:///c%3A/Users/36045/YandexDisk/%5B1%5D%20%D0%92%D0%B8%D0%B4%D0%B5%D0%BE%D0%BA%D0%B0%D0%BD%D0%B0%D0%BB/%5B0%5D%20%D0%A3%D1%80%D0%BE%D0%BA%20ESP8266/%23092%20%D0%A3%D0%BD%D0%B8%D0%B2%D0%B5%D1%80%D1%81%D0%B0%D0%BB%D1%8C%D0%BD%D1%8B%D0%B9%20%D0%A0%D0%B5%D0%B3%D1%83%D0%BB%D1%8F%D1%82%D0%BE%D1%80%20%D0%A2%D0%B5%D0%BC%D0%BF%D0%B5%D1%80%D0%B0%D1%82%D1%83%D1%80%D1%8B%20%28ESP8266%20%2B%20Blynk%29/Sibeng24Regulator%20-%202021.03.09/examples/Arduino/ArduinoNano_Regulator_EEPROM_Single/Timers.h'
2021/03/14 14:47:45     URI: 'C:\Users\36045\AppData\Local\Temp\arduino-language-server644108963\sketch\Timers.h' -> 'C:\Users\36045\YandexDisk\[1] Видеоканал\[0] Урок ESP8266\#092 Универсальный Регулятор Температуры (ESP8266 + Blynk)\Sibeng24Regulator - 2021.03.09\examples\Arduino\ArduinoNano_Regulator_EEPROM_Single\Timers.h'
2021/03/14 14:47:45               as URI: 'file:///c%3A/Users/36045/YandexDisk/%5B1%5D%20%D0%92%D0%B8%D0%B4%D0%B5%D0%BE%D0%BA%D0%B0%D0%BD%D0%B0%D0%BB/%5B0%5D%20%D0%A3%D1%80%D0%BE%D0%BA%20ESP8266/%23092%20%D0%A3%D0%BD%D0%B8%D0%B2%D0%B5%D1%80%D1%81%D0%B0%D0%BB%D1%8C%D0%BD%D1%8B%D0%B9%20%D0%A0%D0%B5%D0%B3%D1%83%D0%BB%D1%8F%D1%82%D0%BE%D1%80%20%D0%A2%D0%B5%D0%BC%D0%BF%D0%B5%D1%80%D0%B0%D1%82%D1%83%D1%80%D1%8B%20%28ESP8266%20%2B%20Blynk%29/Sibeng24Regulator%20-%202021.03.09/examples/Arduino/ArduinoNano_Regulator_EEPROM_Single/Timers.h'
2021/03/14 14:47:45     URI: 'C:\Users\36045\AppData\Local\Temp\arduino-language-server644108963\sketch\Timers.h' -> 'C:\Users\36045\YandexDisk\[1] Видеоканал\[0] Урок ESP8266\#092 Универсальный Регулятор Температуры (ESP8266 + Blynk)\Sibeng24Regulator - 2021.03.09\examples\Arduino\ArduinoNano_Regulator_EEPROM_Single\Timers.h'
2021/03/14 14:47:45               as URI: 'file:///c%3A/Users/36045/YandexDisk/%5B1%5D%20%D0%92%D0%B8%D0%B4%D0%B5%D0%BE%D0%BA%D0%B0%D0%BD%D0%B0%D0%BB/%5B0%5D%20%D0%A3%D1%80%D0%BE%D0%BA%20ESP8266/%23092%20%D0%A3%D0%BD%D0%B8%D0%B2%D0%B5%D1%80%D1%81%D0%B0%D0%BB%D1%8C%D0%BD%D1%8B%D0%B9%20%D0%A0%D0%B5%D0%B3%D1%83%D0%BB%D1%8F%D1%82%D0%BE%D1%80%20%D0%A2%D0%B5%D0%BC%D0%BF%D0%B5%D1%80%D0%B0%D1%82%D1%83%D1%80%D1%8B%20%28ESP8266%20%2B%20Blynk%29/Sibeng24Regulator%20-%202021.03.09/examples/Arduino/ArduinoNano_Regulator_EEPROM_Single/Timers.h'
2021/03/14 14:47:45     URI: 'C:\Users\36045\AppData\Local\Temp\arduino-language-server644108963\sketch\Timers.h' -> 'C:\Users\36045\YandexDisk\[1] Видеоканал\[0] Урок ESP8266\#092 Универсальный Регулятор Температуры (ESP8266 + Blynk)\Sibeng24Regulator - 2021.03.09\examples\Arduino\ArduinoNano_Regulator_EEPROM_Single\Timers.h'
2021/03/14 14:47:45               as URI: 'file:///c%3A/Users/36045/YandexDisk/%5B1%5D%20%D0%92%D0%B8%D0%B4%D0%B5%D0%BE%D0%BA%D0%B0%D0%BD%D0%B0%D0%BB/%5B0%5D%20%D0%A3%D1%80%D0%BE%D0%BA%20ESP8266/%23092%20%D0%A3%D0%BD%D0%B8%D0%B2%D0%B5%D1%80%D1%81%D0%B0%D0%BB%D1%8C%D0%BD%D1%8B%D0%B9%20%D0%A0%D0%B5%D0%B3%D1%83%D0%BB%D1%8F%D1%82%D0%BE%D1%80%20%D0%A2%D0%B5%D0%BC%D0%BF%D0%B5%D1%80%D0%B0%D1%82%D1%83%D1%80%D1%8B%20%28ESP8266%20%2B%20Blynk%29/Sibeng24Regulator%20-%202021.03.09/examples/Arduino/ArduinoNano_Regulator_EEPROM_Single/Timers.h'
2021/03/14 14:47:45 CLG <-- textDocument/publishDiagnostics notif6 to IDE: publishDiagnostics(file:///c%3A/Users/36045/YandexDisk/%5B1%5D%20%D0%92%D0%B8%D0%B4%D0%B5%D0%BE%D0%BA%D0%B0%D0%BD%D0%B0%D0%BB/%5B0%5D%20%D0%A3%D1%80%D0%BE%D0%BA%20ESP8266/%23092%20%D0%A3%D0%BD%D0%B8%D0%B2%D0%B5%D1%80%D1%81%D0%B0%D0%BB%D1%8C%D0%BD%D1%8B%D0%B9%20%D0%A0%D0%B5%D0%B3%D1%83%D0%BB%D1%8F%D1%82%D0%BE%D1%80%20%D0%A2%D0%B5%D0%BC%D0%BF%D0%B5%D1%80%D0%B0%D1%82%D1%83%D1%80%D1%8B%20%28ESP8266%20%2B%20Blynk%29/Sibeng24Regulator%20-%202021.03.09/examples/Arduino/ArduinoNano_Regulator_EEPROM_Single/Timers.h):
2021/03/14 14:47:45 CLG <-- textDocument/publishDiagnostics notif6 > 5:11 - 1: unknown_typename
2021/03/14 14:47:45 CLG <-- textDocument/publishDiagnostics notif6 > 5:26 - 1: unknown_typename
2021/03/14 14:47:45 CLG <-- textDocument/publishDiagnostics notif6 > 6:7 - 1: undeclared_var_use
2021/03/14 14:47:45 CLG <-- textDocument/publishDiagnostics notif6 > 6:16 - 1: undeclared_var_use
2021/03/14 14:47:45 CLG <-- textDocument/publishDiagnostics notif6 > 8:12 - 1: undeclared_var_use
2021/03/14 14:47:45 [91mIDE <-- LS     CL: NOTIFICATION textDocument/publishDiagnostics: [0m
2021/03/14 14:47:45 CLG <-- textDocument/publishDiagnostics notif6 [93m read-unlocked[0m
2021/03/14 14:47:45 [92mIDE     LS <-- CL: NOTIFICATION $/progress: TOKEN=backgroundIndexProgress REPORT 0/28 0%[0m
2021/03/14 14:47:45 [92mIDE     LS <-- CL: NOTIFICATION $/progress: TOKEN=backgroundIndexProgress REPORT 0/28 0%[0m
2021/03/14 14:47:45 [92mIDE     LS <-- CL: NOTIFICATION $/progress: TOKEN=backgroundIndexProgress REPORT 0/28 0%[0m
2021/03/14 14:47:45 [92mIDE     LS <-- CL: NOTIFICATION $/progress: TOKEN=backgroundIndexProgress REPORT 0/28 0%[0m
2021/03/14 14:47:45 [92mIDE     LS <-- CL: NOTIFICATION $/progress: TOKEN=backgroundIndexProgress REPORT 1/28 3.5714285714285716%[0m
2021/03/14 14:47:45 [92mIDE     LS <-- CL: NOTIFICATION $/progress: TOKEN=backgroundIndexProgress REPORT 1/28 3.5714285714285716%[0m
2021/03/14 14:47:45 [92mIDE     LS <-- CL: NOTIFICATION textDocument/publishDiagnostics: [0m
2021/03/14 14:47:45 CLG <-- textDocument/publishDiagnostics notif13 (queued)
2021/03/14 14:47:45 CLG <-- textDocument/publishDiagnostics notif13 [93m read-locked[0m
2021/03/14 14:47:45 CLG <-- textDocument/publishDiagnostics notif13 (running)
2021/03/14 14:47:45 CLG <-- textDocument/publishDiagnostics notif13 publishDiagnostics(file:///C:/Users/36045/AppData/Local/Temp/arduino-language-server644108963/sketch/ArduinoNano_Regulator_EEPROM_Single.ino.cpp):
2021/03/14 14:47:45 [92mIDE     LS <-- CL: ANSWER textDocument/documentSymbol 1 (1): [0m
2021/03/14 14:47:45 [92mIDE     LS <-- CL: ANSWER textDocument/codeAction 2 (2): [0m
2021/03/14 14:47:45 SYLD--- [93m read-locked[0m
2021/03/14 14:47:45 SYLD---    symbol: Function setup 36:0-36:12
2021/03/14 14:47:45 SYLD---             > void setup()
2021/03/14 14:47:45 SYLD---    symbol: Function loop 38:0-38:11
2021/03/14 14:47:45 SYLD---             > void loop()
2021/03/14 14:47:45 SYLD---    symbol: Function setup 40:0-67:1
2021/03/14 14:47:45 SYLD---      TRIMMED> void setup() 
2021/03/14 14:47:45 SYLD---    symbol: Function loop 69:0-99:1
2021/03/14 14:47:45 SYLD---      TRIMMED> void loop() 
2021/03/14 14:47:45 SYLD--- [93m read-unlocked[0m
2021/03/14 14:47:45 SYLD--- (done)
2021/03/14 14:47:45 CLG <-- textDocument/publishDiagnostics notif13 [93m read-unlocked[0m
2021/03/14 14:47:45     <-- codeAction(0 elements)
2021/03/14 14:47:45 <-- codeAction(0 elements)
2021/03/14 14:47:45 IDE --> textDocument/codeAction 1 [93m read-unlocked[0m
2021/03/14 14:47:45 [91mIDE <-- LS     CL: ANSWER UNBOUND (1): [0m
2021/03/14 14:47:45 [92mIDE --> LS     CL: REQUEST textDocument/codeAction 2: [0m
2021/03/14 14:47:45 IDE --> textDocument/codeAction 2 [93m read-locked[0m
2021/03/14 14:47:45 --> codeAction(file:///c%3A/Users/36045/YandexDisk/%5B1%5D%20%D0%92%D0%B8%D0%B4%D0%B5%D0%BE%D0%BA%D0%B0%D0%BD%D0%B0%D0%BB/%5B0%5D%20%D0%A3%D1%80%D0%BE%D0%BA%20ESP8266/%23092%20%D0%A3%D0%BD%D0%B8%D0%B2%D0%B5%D1%80%D1%81%D0%B0%D0%BB%D1%8C%D0%BD%D1%8B%D0%B9%20%D0%A0%D0%B5%D0%B3%D1%83%D0%BB%D1%8F%D1%82%D0%BE%D1%80%20%D0%A2%D0%B5%D0%BC%D0%BF%D0%B5%D1%80%D0%B0%D1%82%D1%83%D1%80%D1%8B%20%28ESP8266%20%2B%20Blynk%29/Sibeng24Regulator%20-%202021.03.09/examples/Arduino/ArduinoNano_Regulator_EEPROM_Single/Help.h:0:0)
2021/03/14 14:47:45     URI: 'C:\Users\36045\YandexDisk\[1] Видеоканал\[0] Урок ESP8266\#092 Универсальный Регулятор Температуры (ESP8266 + Blynk)\Sibeng24Regulator - 2021.03.09\examples\Arduino\ArduinoNano_Regulator_EEPROM_Single\Help.h' -> 'C:\Users\36045\AppData\Local\Temp\arduino-language-server644108963\sketch\Help.h'
2021/03/14 14:47:45     --> codeAction(file:///C:/Users/36045/AppData/Local/Temp/arduino-language-server644108963/sketch/Help.h:0:0)
2021/03/14 14:47:45 IDE --> textDocument/codeAction 2 sent to Clang
2021/03/14 14:47:45 [91mIDE     LS --> CL: REQUEST textDocument/codeAction 3: [0m
2021/03/14 14:47:45 [92mIDE     LS <-- CL: NOTIFICATION $/progress: TOKEN=backgroundIndexProgress REPORT 2/28 7.142857142857143%[0m
2021/03/14 14:47:45 [92mIDE     LS <-- CL: NOTIFICATION $/progress: TOKEN=backgroundIndexProgress REPORT 2/28 7.142857142857143%[0m
2021/03/14 14:47:45 [92mIDE     LS <-- CL: ANSWER textDocument/codeAction 3 (3): [0m
2021/03/14 14:47:45     <-- codeAction(0 elements)
2021/03/14 14:47:45 <-- codeAction(0 elements)
2021/03/14 14:47:45 IDE --> textDocument/codeAction 2 [93m read-unlocked[0m
2021/03/14 14:47:45 [91mIDE <-- LS     CL: ANSWER UNBOUND (2): [0m
2021/03/14 14:47:45 [92mIDE --> LS     CL: REQUEST textDocument/codeAction 3: [0m
2021/03/14 14:47:45 IDE --> textDocument/codeAction 3 [93m read-locked[0m
2021/03/14 14:47:45 --> codeAction(file:///c%3A/Users/36045/YandexDisk/%5B1%5D%20%D0%92%D0%B8%D0%B4%D0%B5%D0%BE%D0%BA%D0%B0%D0%BD%D0%B0%D0%BB/%5B0%5D%20%D0%A3%D1%80%D0%BE%D0%BA%20ESP8266/%23092%20%D0%A3%D0%BD%D0%B8%D0%B2%D0%B5%D1%80%D1%81%D0%B0%D0%BB%D1%8C%D0%BD%D1%8B%D0%B9%20%D0%A0%D0%B5%D0%B3%D1%83%D0%BB%D1%8F%D1%82%D0%BE%D1%80%20%D0%A2%D0%B5%D0%BC%D0%BF%D0%B5%D1%80%D0%B0%D1%82%D1%83%D1%80%D1%8B%20%28ESP8266%20%2B%20Blynk%29/Sibeng24Regulator%20-%202021.03.09/examples/Arduino/ArduinoNano_Regulator_EEPROM_Single/Timers.h:0:0)
2021/03/14 14:47:45     URI: 'C:\Users\36045\YandexDisk\[1] Видеоканал\[0] Урок ESP8266\#092 Универсальный Регулятор Температуры (ESP8266 + Blynk)\Sibeng24Regulator - 2021.03.09\examples\Arduino\ArduinoNano_Regulator_EEPROM_Single\Timers.h' -> 'C:\Users\36045\AppData\Local\Temp\arduino-language-server644108963\sketch\Timers.h'
2021/03/14 14:47:45     --> codeAction(file:///C:/Users/36045/AppData/Local/Temp/arduino-language-server644108963/sketch/Timers.h:0:0)
2021/03/14 14:47:45 IDE --> textDocument/codeAction 3 sent to Clang
2021/03/14 14:47:45 [91mIDE     LS --> CL: REQUEST textDocument/codeAction 4: [0m
2021/03/14 14:47:45 [92mIDE     LS <-- CL: ANSWER textDocument/codeAction 4 (4): [0m
2021/03/14 14:47:45     <-- codeAction(0 elements)
2021/03/14 14:47:45 <-- codeAction(0 elements)
2021/03/14 14:47:45 IDE --> textDocument/codeAction 3 [93m read-unlocked[0m
2021/03/14 14:47:45 [91mIDE <-- LS     CL: ANSWER UNBOUND (3): [0m
2021/03/14 14:47:45 [92mIDE --> LS     CL: REQUEST textDocument/hover 4: [0m
2021/03/14 14:47:45 IDE --> textDocument/hover 4 [93m read-locked[0m
2021/03/14 14:47:45 --> hover(file:///c%3A/Users/36045/YandexDisk/%5B1%5D%20%D0%92%D0%B8%D0%B4%D0%B5%D0%BE%D0%BA%D0%B0%D0%BD%D0%B0%D0%BB/%5B0%5D%20%D0%A3%D1%80%D0%BE%D0%BA%20ESP8266/%23092%20%D0%A3%D0%BD%D0%B8%D0%B2%D0%B5%D1%80%D1%81%D0%B0%D0%BB%D1%8C%D0%BD%D1%8B%D0%B9%20%D0%A0%D0%B5%D0%B3%D1%83%D0%BB%D1%8F%D1%82%D0%BE%D1%80%20%D0%A2%D0%B5%D0%BC%D0%BF%D0%B5%D1%80%D0%B0%D1%82%D1%83%D1%80%D1%8B%20%28ESP8266%20%2B%20Blynk%29/Sibeng24Regulator%20-%202021.03.09/examples/Arduino/ArduinoNano_Regulator_EEPROM_Single/ArduinoNano_Regulator_EEPROM_Single.ino:1:42)
2021/03/14 14:47:45     --> hover(file:///C:/Users/36045/AppData/Local/Temp/arduino-language-server644108963/sketch/ArduinoNano_Regulator_EEPROM_Single.ino.cpp:3:42)
2021/03/14 14:47:45 IDE --> textDocument/hover 4 sent to Clang
2021/03/14 14:47:45 [91mIDE     LS --> CL: REQUEST textDocument/hover 5: [0m
2021/03/14 14:47:45 [92mIDE     LS <-- CL: ANSWER textDocument/hover 5 (5): [0m
2021/03/14 14:47:45 IDE --> textDocument/hover 4 [93m read-unlocked[0m
2021/03/14 14:47:45 [91mIDE <-- LS     CL: ANSWER UNBOUND (4): [0m
2021/03/14 14:47:45 [92mIDE --> LS     CL: NOTIFICATION $/cancelRequest: [0m
2021/03/14 14:47:45 IDE --> $/cancelRequest notif7 [93m read-locked[0m
2021/03/14 14:47:45 IDE --> $/cancelRequest notif7 sent to Clang
2021/03/14 14:47:45 [91mIDE     LS --> CL: NOTIFICATION $/cancelRequest: [0m
2021/03/14 14:47:45 IDE --> $/cancelRequest notif7 [93m read-unlocked[0m
2021/03/14 14:47:45 [92mIDE --> LS     CL: ANSWER window/workDoneProgress/create 0 (0): [0m
2021/03/14 14:47:45 [91mIDE <-- LS     CL: NOTIFICATION $/progress: TOKEN=backgroundIndexProgress BEGIN indexing [0m
2021/03/14 14:47:45 [91mIDE <-- LS     CL: NOTIFICATION $/progress: TOKEN=backgroundIndexProgress REPORT 2/28 7.142857142857143%[0m
2021/03/14 14:47:45 [92mIDE --> LS     CL: REQUEST textDocument/codeAction 5: [0m
2021/03/14 14:47:45 IDE --> textDocument/codeAction 5 [93m read-locked[0m
2021/03/14 14:47:45 --> codeAction(file:///c%3A/Users/36045/YandexDisk/%5B1%5D%20%D0%92%D0%B8%D0%B4%D0%B5%D0%BE%D0%BA%D0%B0%D0%BD%D0%B0%D0%BB/%5B0%5D%20%D0%A3%D1%80%D0%BE%D0%BA%20ESP8266/%23092%20%D0%A3%D0%BD%D0%B8%D0%B2%D0%B5%D1%80%D1%81%D0%B0%D0%BB%D1%8C%D0%BD%D1%8B%D0%B9%20%D0%A0%D0%B5%D0%B3%D1%83%D0%BB%D1%8F%D1%82%D0%BE%D1%80%20%D0%A2%D0%B5%D0%BC%D0%BF%D0%B5%D1%80%D0%B0%D1%82%D1%83%D1%80%D1%8B%20%28ESP8266%20%2B%20Blynk%29/Sibeng24Regulator%20-%202021.03.09/examples/Arduino/ArduinoNano_Regulator_EEPROM_Single/Timers.h:0:0)
2021/03/14 14:47:45     URI: 'C:\Users\36045\YandexDisk\[1] Видеоканал\[0] Урок ESP8266\#092 Универсальный Регулятор Температуры (ESP8266 + Blynk)\Sibeng24Regulator - 2021.03.09\examples\Arduino\ArduinoNano_Regulator_EEPROM_Single\Timers.h' -> 'C:\Users\36045\AppData\Local\Temp\arduino-language-server644108963\sketch\Timers.h'
2021/03/14 14:47:45     --> codeAction(file:///C:/Users/36045/AppData/Local/Temp/arduino-language-server644108963/sketch/Timers.h:0:0)
2021/03/14 14:47:45 IDE --> textDocument/codeAction 5 sent to Clang
2021/03/14 14:47:45 [91mIDE     LS --> CL: REQUEST textDocument/codeAction 6: [0m
2021/03/14 14:47:45 [92mIDE     LS <-- CL: ANSWER textDocument/codeAction 6 (6): [0m
2021/03/14 14:47:45     <-- codeAction(0 elements)
2021/03/14 14:47:45 <-- codeAction(0 elements)
2021/03/14 14:47:45 IDE --> textDocument/codeAction 5 [93m read-unlocked[0m
2021/03/14 14:47:45 [91mIDE <-- LS     CL: ANSWER UNBOUND (5): [0m
2021/03/14 14:47:45 [92mIDE     LS <-- CL: NOTIFICATION $/progress: TOKEN=backgroundIndexProgress REPORT 3/28 10.714285714285714%[0m
2021/03/14 14:47:45 [91mIDE <-- LS     CL: NOTIFICATION $/progress: TOKEN=backgroundIndexProgress REPORT 3/28 10.714285714285714%[0m
2021/03/14 14:47:45 [92mIDE     LS <-- CL: NOTIFICATION $/progress: TOKEN=backgroundIndexProgress REPORT 3/28 10.714285714285714%[0m
2021/03/14 14:47:45 [91mIDE <-- LS     CL: NOTIFICATION $/progress: TOKEN=backgroundIndexProgress REPORT 3/28 10.714285714285714%[0m
2021/03/14 14:47:46 [92mIDE     LS <-- CL: NOTIFICATION $/progress: TOKEN=backgroundIndexProgress REPORT 4/28 14.285714285714286%[0m
2021/03/14 14:47:46 [92mIDE     LS <-- CL: NOTIFICATION $/progress: TOKEN=backgroundIndexProgress REPORT 4/28 14.285714285714286%[0m
2021/03/14 14:47:46 [91mIDE <-- LS     CL: NOTIFICATION $/progress: TOKEN=backgroundIndexProgress REPORT 4/28 14.285714285714286%[0m
2021/03/14 14:47:46 [91mIDE <-- LS     CL: NOTIFICATION $/progress: TOKEN=backgroundIndexProgress REPORT 4/28 14.285714285714286%[0m
2021/03/14 14:47:46 [92mIDE     LS <-- CL: NOTIFICATION $/progress: TOKEN=backgroundIndexProgress REPORT 5/28 17.857142857142858%[0m
2021/03/14 14:47:46 [91mIDE <-- LS     CL: NOTIFICATION $/progress: TOKEN=backgroundIndexProgress REPORT 5/28 17.857142857142858%[0m
2021/03/14 14:47:46 [92mIDE     LS <-- CL: NOTIFICATION $/progress: TOKEN=backgroundIndexProgress REPORT 5/28 17.857142857142858%[0m
2021/03/14 14:47:46 [91mIDE <-- LS     CL: NOTIFICATION $/progress: TOKEN=backgroundIndexProgress REPORT 5/28 17.857142857142858%[0m
2021/03/14 14:47:46 [92mIDE     LS <-- CL: NOTIFICATION $/progress: TOKEN=backgroundIndexProgress REPORT 6/28 21.428571428571427%[0m
2021/03/14 14:47:46 [91mIDE <-- LS     CL: NOTIFICATION $/progress: TOKEN=backgroundIndexProgress REPORT 6/28 21.428571428571427%[0m
2021/03/14 14:47:46 [92mIDE     LS <-- CL: NOTIFICATION $/progress: TOKEN=backgroundIndexProgress REPORT 6/28 21.428571428571427%[0m
2021/03/14 14:47:46 [91mIDE <-- LS     CL: NOTIFICATION $/progress: TOKEN=backgroundIndexProgress REPORT 6/28 21.428571428571427%[0m
2021/03/14 14:47:46 [92mIDE     LS <-- CL: NOTIFICATION $/progress: TOKEN=backgroundIndexProgress REPORT 7/28 25%[0m
2021/03/14 14:47:46 [91mIDE <-- LS     CL: NOTIFICATION $/progress: TOKEN=backgroundIndexProgress REPORT 7/28 25%[0m
2021/03/14 14:47:46 [92mIDE     LS <-- CL: NOTIFICATION $/progress: TOKEN=backgroundIndexProgress REPORT 7/28 25%[0m
2021/03/14 14:47:46 [91mIDE <-- LS     CL: NOTIFICATION $/progress: TOKEN=backgroundIndexProgress REPORT 7/28 25%[0m
2021/03/14 14:47:46 [92mIDE     LS <-- CL: NOTIFICATION $/progress: TOKEN=backgroundIndexProgress REPORT 8/28 28.571428571428573%[0m
2021/03/14 14:47:46 [92mIDE     LS <-- CL: NOTIFICATION $/progress: TOKEN=backgroundIndexProgress REPORT 8/28 28.571428571428573%[0m
2021/03/14 14:47:46 [91mIDE <-- LS     CL: NOTIFICATION $/progress: TOKEN=backgroundIndexProgress REPORT 8/28 28.571428571428573%[0m
2021/03/14 14:47:46 [91mIDE <-- LS     CL: NOTIFICATION $/progress: TOKEN=backgroundIndexProgress REPORT 8/28 28.571428571428573%[0m
2021/03/14 14:47:46 [92mIDE     LS <-- CL: NOTIFICATION $/progress: TOKEN=backgroundIndexProgress REPORT 9/28 32.142857142857146%[0m
2021/03/14 14:47:46 [92mIDE     LS <-- CL: NOTIFICATION $/progress: TOKEN=backgroundIndexProgress REPORT 9/28 32.142857142857146%[0m
2021/03/14 14:47:46 [91mIDE <-- LS     CL: NOTIFICATION $/progress: TOKEN=backgroundIndexProgress REPORT 9/28 32.142857142857146%[0m
2021/03/14 14:47:46 [91mIDE <-- LS     CL: NOTIFICATION $/progress: TOKEN=backgroundIndexProgress REPORT 9/28 32.142857142857146%[0m
2021/03/14 14:47:46 [92mIDE     LS <-- CL: NOTIFICATION $/progress: TOKEN=backgroundIndexProgress REPORT 10/28 35.714285714285715%[0m
2021/03/14 14:47:46 [92mIDE     LS <-- CL: NOTIFICATION $/progress: TOKEN=backgroundIndexProgress REPORT 10/28 35.714285714285715%[0m
2021/03/14 14:47:46 [91mIDE <-- LS     CL: NOTIFICATION $/progress: TOKEN=backgroundIndexProgress REPORT 10/28 35.714285714285715%[0m
2021/03/14 14:47:46 [91mIDE <-- LS     CL: NOTIFICATION $/progress: TOKEN=backgroundIndexProgress REPORT 10/28 35.714285714285715%[0m
2021/03/14 14:47:46 [92mIDE     LS <-- CL: NOTIFICATION $/progress: TOKEN=backgroundIndexProgress REPORT 11/28 39.285714285714285%[0m
2021/03/14 14:47:46 [92mIDE     LS <-- CL: NOTIFICATION $/progress: TOKEN=backgroundIndexProgress REPORT 11/28 39.285714285714285%[0m
2021/03/14 14:47:46 [91mIDE <-- LS     CL: NOTIFICATION $/progress: TOKEN=backgroundIndexProgress REPORT 11/28 39.285714285714285%[0m
2021/03/14 14:47:46 [91mIDE <-- LS     CL: NOTIFICATION $/progress: TOKEN=backgroundIndexProgress REPORT 11/28 39.285714285714285%[0m
2021/03/14 14:47:46 [92mIDE     LS <-- CL: NOTIFICATION $/progress: TOKEN=backgroundIndexProgress REPORT 12/28 42.857142857142854%[0m
2021/03/14 14:47:46 [91mIDE <-- LS     CL: NOTIFICATION $/progress: TOKEN=backgroundIndexProgress REPORT 12/28 42.857142857142854%[0m
2021/03/14 14:47:46 [92mIDE     LS <-- CL: NOTIFICATION $/progress: TOKEN=backgroundIndexProgress REPORT 12/28 42.857142857142854%[0m
2021/03/14 14:47:46 [91mIDE <-- LS     CL: NOTIFICATION $/progress: TOKEN=backgroundIndexProgress REPORT 12/28 42.857142857142854%[0m
2021/03/14 14:47:46 [92mIDE     LS <-- CL: NOTIFICATION $/progress: TOKEN=backgroundIndexProgress REPORT 13/28 46.42857142857143%[0m
2021/03/14 14:47:46 [92mIDE     LS <-- CL: NOTIFICATION $/progress: TOKEN=backgroundIndexProgress REPORT 13/28 46.42857142857143%[0m
2021/03/14 14:47:46 [91mIDE <-- LS     CL: NOTIFICATION $/progress: TOKEN=backgroundIndexProgress REPORT 13/28 46.42857142857143%[0m
2021/03/14 14:47:46 [91mIDE <-- LS     CL: NOTIFICATION $/progress: TOKEN=backgroundIndexProgress REPORT 13/28 46.42857142857143%[0m
2021/03/14 14:47:46 [92mIDE     LS <-- CL: NOTIFICATION $/progress: TOKEN=backgroundIndexProgress REPORT 14/28 50%[0m
2021/03/14 14:47:46 [92mIDE     LS <-- CL: NOTIFICATION $/progress: TOKEN=backgroundIndexProgress REPORT 14/28 50%[0m
2021/03/14 14:47:46 [91mIDE <-- LS     CL: NOTIFICATION $/progress: TOKEN=backgroundIndexProgress REPORT 14/28 50%[0m
2021/03/14 14:47:46 [91mIDE <-- LS     CL: NOTIFICATION $/progress: TOKEN=backgroundIndexProgress REPORT 14/28 50%[0m
2021/03/14 14:47:46 [92mIDE     LS <-- CL: NOTIFICATION $/progress: TOKEN=backgroundIndexProgress REPORT 15/28 53.57142857142857%[0m
2021/03/14 14:47:46 [92mIDE     LS <-- CL: NOTIFICATION $/progress: TOKEN=backgroundIndexProgress REPORT 15/28 53.57142857142857%[0m
2021/03/14 14:47:46 [91mIDE <-- LS     CL: NOTIFICATION $/progress: TOKEN=backgroundIndexProgress REPORT 15/28 53.57142857142857%[0m
2021/03/14 14:47:46 [91mIDE <-- LS     CL: NOTIFICATION $/progress: TOKEN=backgroundIndexProgress REPORT 15/28 53.57142857142857%[0m
2021/03/14 14:47:46 [92mIDE     LS <-- CL: NOTIFICATION $/progress: TOKEN=backgroundIndexProgress REPORT 16/28 57.142857142857146%[0m
2021/03/14 14:47:46 [92mIDE     LS <-- CL: NOTIFICATION $/progress: TOKEN=backgroundIndexProgress REPORT 16/28 57.142857142857146%[0m
2021/03/14 14:47:46 [91mIDE <-- LS     CL: NOTIFICATION $/progress: TOKEN=backgroundIndexProgress REPORT 16/28 57.142857142857146%[0m
2021/03/14 14:47:46 [92mIDE     LS <-- CL: NOTIFICATION $/progress: TOKEN=backgroundIndexProgress REPORT 17/28 60.714285714285715%[0m
2021/03/14 14:47:46 [92mIDE     LS <-- CL: NOTIFICATION $/progress: TOKEN=backgroundIndexProgress REPORT 17/28 60.714285714285715%[0m
2021/03/14 14:47:46 [91mIDE <-- LS     CL: NOTIFICATION $/progress: TOKEN=backgroundIndexProgress REPORT 17/28 60.714285714285715%[0m
2021/03/14 14:47:46 [92mIDE     LS <-- CL: NOTIFICATION $/progress: TOKEN=backgroundIndexProgress REPORT 18/28 64.28571428571429%[0m
2021/03/14 14:47:46 [92mIDE     LS <-- CL: NOTIFICATION $/progress: TOKEN=backgroundIndexProgress REPORT 18/28 64.28571428571429%[0m
2021/03/14 14:47:46 [91mIDE <-- LS     CL: NOTIFICATION $/progress: TOKEN=backgroundIndexProgress REPORT 18/28 64.28571428571429%[0m
2021/03/14 14:47:46 [92mIDE     LS <-- CL: NOTIFICATION $/progress: TOKEN=backgroundIndexProgress REPORT 19/28 67.85714285714286%[0m
2021/03/14 14:47:46 [91mIDE <-- LS     CL: NOTIFICATION $/progress: TOKEN=backgroundIndexProgress REPORT 19/28 67.85714285714286%[0m
2021/03/14 14:47:46 [92mIDE     LS <-- CL: NOTIFICATION $/progress: TOKEN=backgroundIndexProgress REPORT 19/28 67.85714285714286%[0m
2021/03/14 14:47:46 [91mIDE <-- LS     CL: NOTIFICATION $/progress: TOKEN=backgroundIndexProgress REPORT 19/28 67.85714285714286%[0m
2021/03/14 14:47:46 [92mIDE     LS <-- CL: NOTIFICATION $/progress: TOKEN=backgroundIndexProgress REPORT 20/28 71.42857142857143%[0m
2021/03/14 14:47:46 [91mIDE <-- LS     CL: NOTIFICATION $/progress: TOKEN=backgroundIndexProgress REPORT 20/28 71.42857142857143%[0m
2021/03/14 14:47:46 [92mIDE     LS <-- CL: NOTIFICATION $/progress: TOKEN=backgroundIndexProgress REPORT 20/28 71.42857142857143%[0m
2021/03/14 14:47:46 [91mIDE <-- LS     CL: NOTIFICATION $/progress: TOKEN=backgroundIndexProgress REPORT 20/28 71.42857142857143%[0m
2021/03/14 14:47:46 [92mIDE     LS <-- CL: NOTIFICATION $/progress: TOKEN=backgroundIndexProgress REPORT 21/28 75%[0m
2021/03/14 14:47:46 [91mIDE <-- LS     CL: NOTIFICATION $/progress: TOKEN=backgroundIndexProgress REPORT 21/28 75%[0m
2021/03/14 14:47:46 [92mIDE     LS <-- CL: NOTIFICATION $/progress: TOKEN=backgroundIndexProgress REPORT 21/28 75%[0m
2021/03/14 14:47:46 [91mIDE <-- LS     CL: NOTIFICATION $/progress: TOKEN=backgroundIndexProgress REPORT 21/28 75%[0m
2021/03/14 14:47:46 [92mIDE     LS <-- CL: NOTIFICATION $/progress: TOKEN=backgroundIndexProgress REPORT 22/28 78.57142857142857%[0m
2021/03/14 14:47:46 [91mIDE <-- LS     CL: NOTIFICATION $/progress: TOKEN=backgroundIndexProgress REPORT 22/28 78.57142857142857%[0m
2021/03/14 14:47:46 [92mIDE     LS <-- CL: NOTIFICATION $/progress: TOKEN=backgroundIndexProgress REPORT 22/28 78.57142857142857%[0m
2021/03/14 14:47:46 [92mIDE     LS <-- CL: NOTIFICATION $/progress: TOKEN=backgroundIndexProgress REPORT 23/28 82.14285714285714%[0m
2021/03/14 14:47:46 [91mIDE <-- LS     CL: NOTIFICATION $/progress: TOKEN=backgroundIndexProgress REPORT 22/28 78.57142857142857%[0m
2021/03/14 14:47:46 [92mIDE     LS <-- CL: NOTIFICATION $/progress: TOKEN=backgroundIndexProgress REPORT 23/28 82.14285714285714%[0m
2021/03/14 14:47:46 [91mIDE <-- LS     CL: NOTIFICATION $/progress: TOKEN=backgroundIndexProgress REPORT 23/28 82.14285714285714%[0m
2021/03/14 14:47:46 [92mIDE     LS <-- CL: NOTIFICATION $/progress: TOKEN=backgroundIndexProgress REPORT 24/28 85.71428571428571%[0m
2021/03/14 14:47:46 [91mIDE <-- LS     CL: NOTIFICATION $/progress: TOKEN=backgroundIndexProgress REPORT 24/28 85.71428571428571%[0m
2021/03/14 14:47:46 [92mIDE     LS <-- CL: NOTIFICATION $/progress: TOKEN=backgroundIndexProgress REPORT 24/28 85.71428571428571%[0m
2021/03/14 14:47:46 [91mIDE <-- LS     CL: NOTIFICATION $/progress: TOKEN=backgroundIndexProgress REPORT 24/28 85.71428571428571%[0m
2021/03/14 14:47:46 [92mIDE     LS <-- CL: NOTIFICATION $/progress: TOKEN=backgroundIndexProgress REPORT 25/28 89.28571428571429%[0m
2021/03/14 14:47:46 [91mIDE <-- LS     CL: NOTIFICATION $/progress: TOKEN=backgroundIndexProgress REPORT 25/28 89.28571428571429%[0m
2021/03/14 14:47:46 [92mIDE     LS <-- CL: NOTIFICATION $/progress: TOKEN=backgroundIndexProgress REPORT 26/28 92.85714285714286%[0m
2021/03/14 14:47:46 [91mIDE <-- LS     CL: NOTIFICATION $/progress: TOKEN=backgroundIndexProgress REPORT 26/28 92.85714285714286%[0m
2021/03/14 14:47:46 [92mIDE     LS <-- CL: NOTIFICATION $/progress: TOKEN=backgroundIndexProgress REPORT 27/28 96.42857142857143%[0m
2021/03/14 14:47:46 [91mIDE <-- LS     CL: NOTIFICATION $/progress: TOKEN=backgroundIndexProgress REPORT 27/28 96.42857142857143%[0m
2021/03/14 14:47:46 [92mIDE     LS <-- CL: NOTIFICATION $/progress: TOKEN=backgroundIndexProgress END [0m
2021/03/14 14:47:46 [91mIDE <-- LS     CL: NOTIFICATION $/progress: TOKEN=backgroundIndexProgress END [0m
2021/03/14 14:48:52 [92mIDE --> LS     CL: REQUEST textDocument/hover 6: [0m
2021/03/14 14:48:52 IDE --> textDocument/hover 6 [93m read-locked[0m
2021/03/14 14:48:52 --> hover(file:///c%3A/Users/36045/YandexDisk/%5B1%5D%20%D0%92%D0%B8%D0%B4%D0%B5%D0%BE%D0%BA%D0%B0%D0%BD%D0%B0%D0%BB/%5B0%5D%20%D0%A3%D1%80%D0%BE%D0%BA%20ESP8266/%23092%20%D0%A3%D0%BD%D0%B8%D0%B2%D0%B5%D1%80%D1%81%D0%B0%D0%BB%D1%8C%D0%BD%D1%8B%D0%B9%20%D0%A0%D0%B5%D0%B3%D1%83%D0%BB%D1%8F%D1%82%D0%BE%D1%80%20%D0%A2%D0%B5%D0%BC%D0%BF%D0%B5%D1%80%D0%B0%D1%82%D1%83%D1%80%D1%8B%20%28ESP8266%20%2B%20Blynk%29/Sibeng24Regulator%20-%202021.03.09/examples/Arduino/ArduinoNano_Regulator_EEPROM_Single/ArduinoNano_Regulator_EEPROM_Single.ino:54:47)
2021/03/14 14:48:52     --> hover(file:///C:/Users/36045/AppData/Local/Temp/arduino-language-server644108963/sketch/ArduinoNano_Regulator_EEPROM_Single.ino.cpp:61:47)
2021/03/14 14:48:52 IDE --> textDocument/hover 6 sent to Clang
2021/03/14 14:48:52 [91mIDE     LS --> CL: REQUEST textDocument/hover 7: [0m
2021/03/14 14:48:52 [92mIDE     LS <-- CL: ANSWER textDocument/hover 7 (7): [0m
2021/03/14 14:48:52 IDE --> textDocument/hover 6 [93m read-unlocked[0m
2021/03/14 14:48:52 [91mIDE <-- LS     CL: ANSWER UNBOUND (6): [0m
2021/03/14 14:51:20 [92mIDE --> LS     CL: REQUEST textDocument/hover 7: [0m
2021/03/14 14:51:20 IDE --> textDocument/hover 7 [93m read-locked[0m
2021/03/14 14:51:20 --> hover(file:///c%3A/Users/36045/YandexDisk/%5B1%5D%20%D0%92%D0%B8%D0%B4%D0%B5%D0%BE%D0%BA%D0%B0%D0%BD%D0%B0%D0%BB/%5B0%5D%20%D0%A3%D1%80%D0%BE%D0%BA%20ESP8266/%23092%20%D0%A3%D0%BD%D0%B8%D0%B2%D0%B5%D1%80%D1%81%D0%B0%D0%BB%D1%8C%D0%BD%D1%8B%D0%B9%20%D0%A0%D0%B5%D0%B3%D1%83%D0%BB%D1%8F%D1%82%D0%BE%D1%80%20%D0%A2%D0%B5%D0%BC%D0%BF%D0%B5%D1%80%D0%B0%D1%82%D1%83%D1%80%D1%8B%20%28ESP8266%20%2B%20Blynk%29/Sibeng24Regulator%20-%202021.03.09/examples/Arduino/ArduinoNano_Regulator_EEPROM_Single/ArduinoNano_Regulator_EEPROM_Single.ino:22:21)
2021/03/14 14:51:20     --> hover(file:///C:/Users/36045/AppData/Local/Temp/arduino-language-server644108963/sketch/ArduinoNano_Regulator_EEPROM_Single.ino.cpp:24:21)
2021/03/14 14:51:20 IDE --> textDocument/hover 7 sent to Clang
2021/03/14 14:51:20 [91mIDE     LS --> CL: REQUEST textDocument/hover 8: [0m
2021/03/14 14:51:20 [92mIDE     LS <-- CL: ANSWER textDocument/hover 8 (8): [0m
2021/03/14 14:51:20 IDE --> textDocument/hover 7 [93m read-unlocked[0m
2021/03/14 14:51:20 [91mIDE <-- LS     CL: ANSWER UNBOUND (7): [0m
2021/03/14 14:51:21 [92mIDE --> LS     CL: REQUEST textDocument/hover 8: [0m
2021/03/14 14:51:21 IDE --> textDocument/hover 8 [93m read-locked[0m
2021/03/14 14:51:21 --> hover(file:///c%3A/Users/36045/YandexDisk/%5B1%5D%20%D0%92%D0%B8%D0%B4%D0%B5%D0%BE%D0%BA%D0%B0%D0%BD%D0%B0%D0%BB/%5B0%5D%20%D0%A3%D1%80%D0%BE%D0%BA%20ESP8266/%23092%20%D0%A3%D0%BD%D0%B8%D0%B2%D0%B5%D1%80%D1%81%D0%B0%D0%BB%D1%8C%D0%BD%D1%8B%D0%B9%20%D0%A0%D0%B5%D0%B3%D1%83%D0%BB%D1%8F%D1%82%D0%BE%D1%80%20%D0%A2%D0%B5%D0%BC%D0%BF%D0%B5%D1%80%D0%B0%D1%82%D1%83%D1%80%D1%8B%20%28ESP8266%20%2B%20Blynk%29/Sibeng24Regulator%20-%202021.03.09/examples/Arduino/ArduinoNano_Regulator_EEPROM_Single/ArduinoNano_Regulator_EEPROM_Single.ino:22:10)
2021/03/14 14:51:21     --> hover(file:///C:/Users/36045/AppData/Local/Temp/arduino-language-server644108963/sketch/ArduinoNano_Regulator_EEPROM_Single.ino.cpp:24:10)
2021/03/14 14:51:21 IDE --> textDocument/hover 8 sent to Clang
2021/03/14 14:51:21 [91mIDE     LS --> CL: REQUEST textDocument/hover 9: [0m
2021/03/14 14:51:21 [92mIDE     LS <-- CL: ANSWER textDocument/hover 9 (9): [0m
2021/03/14 14:51:21 IDE --> textDocument/hover 8 [93m read-unlocked[0m
2021/03/14 14:51:21 [91mIDE <-- LS     CL: ANSWER UNBOUND (8): [0m
2021/03/14 14:51:22 [92mIDE --> LS     CL: REQUEST textDocument/codeAction 9: [0m
2021/03/14 14:51:22 IDE --> textDocument/codeAction 9 [93m read-locked[0m
2021/03/14 14:51:22 --> codeAction(file:///c%3A/Users/36045/YandexDisk/%5B1%5D%20%D0%92%D0%B8%D0%B4%D0%B5%D0%BE%D0%BA%D0%B0%D0%BD%D0%B0%D0%BB/%5B0%5D%20%D0%A3%D1%80%D0%BE%D0%BA%20ESP8266/%23092%20%D0%A3%D0%BD%D0%B8%D0%B2%D0%B5%D1%80%D1%81%D0%B0%D0%BB%D1%8C%D0%BD%D1%8B%D0%B9%20%D0%A0%D0%B5%D0%B3%D1%83%D0%BB%D1%8F%D1%82%D0%BE%D1%80%20%D0%A2%D0%B5%D0%BC%D0%BF%D0%B5%D1%80%D0%B0%D1%82%D1%83%D1%80%D1%8B%20%28ESP8266%20%2B%20Blynk%29/Sibeng24Regulator%20-%202021.03.09/examples/Arduino/ArduinoNano_Regulator_EEPROM_Single/ArduinoNano_Regulator_EEPROM_Single.ino:22:9)
2021/03/14 14:51:22     --> codeAction(file:///C:/Users/36045/AppData/Local/Temp/arduino-language-server644108963/sketch/ArduinoNano_Regulator_EEPROM_Single.ino.cpp:24:9)
2021/03/14 14:51:22 IDE --> textDocument/codeAction 9 sent to Clang
2021/03/14 14:51:22 [91mIDE     LS --> CL: REQUEST textDocument/codeAction 10: [0m
2021/03/14 14:51:22 [92mIDE     LS <-- CL: ANSWER textDocument/codeAction 10 (10): [0m
2021/03/14 14:51:22     <-- codeAction(0 elements)
2021/03/14 14:51:22 <-- codeAction(0 elements)
2021/03/14 14:51:22 IDE --> textDocument/codeAction 9 [93m read-unlocked[0m
2021/03/14 14:51:22 [91mIDE <-- LS     CL: ANSWER UNBOUND (9): [0m
2021/03/14 14:51:22 [92mIDE --> LS     CL: REQUEST textDocument/codeAction 10: [0m
2021/03/14 14:51:22 IDE --> textDocument/codeAction 10 [93m read-locked[0m
2021/03/14 14:51:22 --> codeAction(file:///c%3A/Users/36045/YandexDisk/%5B1%5D%20%D0%92%D0%B8%D0%B4%D0%B5%D0%BE%D0%BA%D0%B0%D0%BD%D0%B0%D0%BB/%5B0%5D%20%D0%A3%D1%80%D0%BE%D0%BA%20ESP8266/%23092%20%D0%A3%D0%BD%D0%B8%D0%B2%D0%B5%D1%80%D1%81%D0%B0%D0%BB%D1%8C%D0%BD%D1%8B%D0%B9%20%D0%A0%D0%B5%D0%B3%D1%83%D0%BB%D1%8F%D1%82%D0%BE%D1%80%20%D0%A2%D0%B5%D0%BC%D0%BF%D0%B5%D1%80%D0%B0%D1%82%D1%83%D1%80%D1%8B%20%28ESP8266%20%2B%20Blynk%29/Sibeng24Regulator%20-%202021.03.09/examples/Arduino/ArduinoNano_Regulator_EEPROM_Single/ArduinoNano_Regulator_EEPROM_Single.ino:22:9)
2021/03/14 14:51:22     --> codeAction(file:///C:/Users/36045/AppData/Local/Temp/arduino-language-server644108963/sketch/ArduinoNano_Regulator_EEPROM_Single.ino.cpp:24:9)
2021/03/14 14:51:22 IDE --> textDocument/codeAction 10 sent to Clang
2021/03/14 14:51:22 [91mIDE     LS --> CL: REQUEST textDocument/codeAction 11: [0m
2021/03/14 14:51:22 [92mIDE     LS <-- CL: ANSWER textDocument/codeAction 11 (11): [0m
2021/03/14 14:51:22     <-- codeAction(0 elements)
2021/03/14 14:51:22 <-- codeAction(0 elements)
2021/03/14 14:51:22 IDE --> textDocument/codeAction 10 [93m read-unlocked[0m
2021/03/14 14:51:22 [91mIDE <-- LS     CL: ANSWER UNBOUND (10): [0m
2021/03/14 14:51:22 [92mIDE --> LS     CL: REQUEST textDocument/hover 11: [0m
2021/03/14 14:51:22 IDE --> textDocument/hover 11 [93m read-locked[0m
2021/03/14 14:51:22 --> hover(file:///c%3A/Users/36045/YandexDisk/%5B1%5D%20%D0%92%D0%B8%D0%B4%D0%B5%D0%BE%D0%BA%D0%B0%D0%BD%D0%B0%D0%BB/%5B0%5D%20%D0%A3%D1%80%D0%BE%D0%BA%20ESP8266/%23092%20%D0%A3%D0%BD%D0%B8%D0%B2%D0%B5%D1%80%D1%81%D0%B0%D0%BB%D1%8C%D0%BD%D1%8B%D0%B9%20%D0%A0%D0%B5%D0%B3%D1%83%D0%BB%D1%8F%D1%82%D0%BE%D1%80%20%D0%A2%D0%B5%D0%BC%D0%BF%D0%B5%D1%80%D0%B0%D1%82%D1%83%D1%80%D1%8B%20%28ESP8266%20%2B%20Blynk%29/Sibeng24Regulator%20-%202021.03.09/examples/Arduino/ArduinoNano_Regulator_EEPROM_Single/ArduinoNano_Regulator_EEPROM_Single.ino:22:26)
2021/03/14 14:51:22     --> hover(file:///C:/Users/36045/AppData/Local/Temp/arduino-language-server644108963/sketch/ArduinoNano_Regulator_EEPROM_Single.ino.cpp:24:26)
2021/03/14 14:51:22 IDE --> textDocument/hover 11 sent to Clang
2021/03/14 14:51:22 [91mIDE     LS --> CL: REQUEST textDocument/hover 12: [0m
2021/03/14 14:51:22 [92mIDE     LS <-- CL: ANSWER textDocument/hover 12 (12): [0m
2021/03/14 14:51:22 IDE --> textDocument/hover 11 [93m read-unlocked[0m
2021/03/14 14:51:22 [91mIDE <-- LS     CL: ANSWER UNBOUND (11): [0m
2021/03/14 14:51:24 [92mIDE --> LS     CL: REQUEST textDocument/hover 12: [0m
2021/03/14 14:51:24 IDE --> textDocument/hover 12 [93m read-locked[0m
2021/03/14 14:51:24 --> hover(file:///c%3A/Users/36045/YandexDisk/%5B1%5D%20%D0%92%D0%B8%D0%B4%D0%B5%D0%BE%D0%BA%D0%B0%D0%BD%D0%B0%D0%BB/%5B0%5D%20%D0%A3%D1%80%D0%BE%D0%BA%20ESP8266/%23092%20%D0%A3%D0%BD%D0%B8%D0%B2%D0%B5%D1%80%D1%81%D0%B0%D0%BB%D1%8C%D0%BD%D1%8B%D0%B9%20%D0%A0%D0%B5%D0%B3%D1%83%D0%BB%D1%8F%D1%82%D0%BE%D1%80%20%D0%A2%D0%B5%D0%BC%D0%BF%D0%B5%D1%80%D0%B0%D1%82%D1%83%D1%80%D1%8B%20%28ESP8266%20%2B%20Blynk%29/Sibeng24Regulator%20-%202021.03.09/examples/Arduino/ArduinoNano_Regulator_EEPROM_Single/ArduinoNano_Regulator_EEPROM_Single.ino:22:7)
2021/03/14 14:51:24     --> hover(file:///C:/Users/36045/AppData/Local/Temp/arduino-language-server644108963/sketch/ArduinoNano_Regulator_EEPROM_Single.ino.cpp:24:7)
2021/03/14 14:51:24 IDE --> textDocument/hover 12 sent to Clang
2021/03/14 14:51:24 [91mIDE     LS --> CL: REQUEST textDocument/hover 13: [0m
2021/03/14 14:51:24 [92mIDE     LS <-- CL: ANSWER textDocument/hover 13 (13): [0m
2021/03/14 14:51:24 IDE --> textDocument/hover 12 [93m read-unlocked[0m
2021/03/14 14:51:24 [91mIDE <-- LS     CL: ANSWER UNBOUND (12): [0m
2021/03/14 14:51:24 [92mIDE --> LS     CL: REQUEST textDocument/hover 13: [0m
2021/03/14 14:51:24 IDE --> textDocument/hover 13 [93m read-locked[0m
2021/03/14 14:51:24 --> hover(file:///c%3A/Users/36045/YandexDisk/%5B1%5D%20%D0%92%D0%B8%D0%B4%D0%B5%D0%BE%D0%BA%D0%B0%D0%BD%D0%B0%D0%BB/%5B0%5D%20%D0%A3%D1%80%D0%BE%D0%BA%20ESP8266/%23092%20%D0%A3%D0%BD%D0%B8%D0%B2%D0%B5%D1%80%D1%81%D0%B0%D0%BB%D1%8C%D0%BD%D1%8B%D0%B9%20%D0%A0%D0%B5%D0%B3%D1%83%D0%BB%D1%8F%D1%82%D0%BE%D1%80%20%D0%A2%D0%B5%D0%BC%D0%BF%D0%B5%D1%80%D0%B0%D1%82%D1%83%D1%80%D1%8B%20%28ESP8266%20%2B%20Blynk%29/Sibeng24Regulator%20-%202021.03.09/examples/Arduino/ArduinoNano_Regulator_EEPROM_Single/ArduinoNano_Regulator_EEPROM_Single.ino:22:9)
2021/03/14 14:51:24     --> hover(file:///C:/Users/36045/AppData/Local/Temp/arduino-language-server644108963/sketch/ArduinoNano_Regulator_EEPROM_Single.ino.cpp:24:9)
2021/03/14 14:51:24 IDE --> textDocument/hover 13 sent to Clang
2021/03/14 14:51:24 [91mIDE     LS --> CL: REQUEST textDocument/hover 14: [0m
2021/03/14 14:51:24 [92mIDE     LS <-- CL: ANSWER textDocument/hover 14 (14): [0m
2021/03/14 14:51:24 IDE --> textDocument/hover 13 [93m read-unlocked[0m
2021/03/14 14:51:24 [91mIDE <-- LS     CL: ANSWER UNBOUND (13): [0m
2021/03/14 14:51:24 [92mIDE --> LS     CL: REQUEST textDocument/hover 14: [0m
2021/03/14 14:51:24 IDE --> textDocument/hover 14 [93m read-locked[0m
2021/03/14 14:51:24 --> hover(file:///c%3A/Users/36045/YandexDisk/%5B1%5D%20%D0%92%D0%B8%D0%B4%D0%B5%D0%BE%D0%BA%D0%B0%D0%BD%D0%B0%D0%BB/%5B0%5D%20%D0%A3%D1%80%D0%BE%D0%BA%20ESP8266/%23092%20%D0%A3%D0%BD%D0%B8%D0%B2%D0%B5%D1%80%D1%81%D0%B0%D0%BB%D1%8C%D0%BD%D1%8B%D0%B9%20%D0%A0%D0%B5%D0%B3%D1%83%D0%BB%D1%8F%D1%82%D0%BE%D1%80%20%D0%A2%D0%B5%D0%BC%D0%BF%D0%B5%D1%80%D0%B0%D1%82%D1%83%D1%80%D1%8B%20%28ESP8266%20%2B%20Blynk%29/Sibeng24Regulator%20-%202021.03.09/examples/Arduino/ArduinoNano_Regulator_EEPROM_Single/ArduinoNano_Regulator_EEPROM_Single.ino:22:9)
2021/03/14 14:51:24     --> hover(file:///C:/Users/36045/AppData/Local/Temp/arduino-language-server644108963/sketch/ArduinoNano_Regulator_EEPROM_Single.ino.cpp:24:9)
2021/03/14 14:51:24 IDE --> textDocument/hover 14 sent to Clang
2021/03/14 14:51:24 [91mIDE     LS --> CL: REQUEST textDocument/hover 15: [0m
2021/03/14 14:51:24 [92mIDE     LS <-- CL: ANSWER textDocument/hover 15 (15): [0m
2021/03/14 14:51:24 IDE --> textDocument/hover 14 [93m read-unlocked[0m
2021/03/14 14:51:24 [91mIDE <-- LS     CL: ANSWER UNBOUND (14): [0m
2021/03/14 14:51:24 [92mIDE --> LS     CL: REQUEST textDocument/documentHighlight 15: [0m
2021/03/14 14:51:24 IDE --> textDocument/documentHighlight 15 [93m read-locked[0m
2021/03/14 14:51:24 --> textDocument/documentHighlight(file:///c%3A/Users/36045/YandexDisk/%5B1%5D%20%D0%92%D0%B8%D0%B4%D0%B5%D0%BE%D0%BA%D0%B0%D0%BD%D0%B0%D0%BB/%5B0%5D%20%D0%A3%D1%80%D0%BE%D0%BA%20ESP8266/%23092%20%D0%A3%D0%BD%D0%B8%D0%B2%D0%B5%D1%80%D1%81%D0%B0%D0%BB%D1%8C%D0%BD%D1%8B%D0%B9%20%D0%A0%D0%B5%D0%B3%D1%83%D0%BB%D1%8F%D1%82%D0%BE%D1%80%20%D0%A2%D0%B5%D0%BC%D0%BF%D0%B5%D1%80%D0%B0%D1%82%D1%83%D1%80%D1%8B%20%28ESP8266%20%2B%20Blynk%29/Sibeng24Regulator%20-%202021.03.09/examples/Arduino/ArduinoNano_Regulator_EEPROM_Single/ArduinoNano_Regulator_EEPROM_Single.ino:22:10)
2021/03/14 14:51:24     --> textDocument/documentHighlight(file:///C:/Users/36045/AppData/Local/Temp/arduino-language-server644108963/sketch/ArduinoNano_Regulator_EEPROM_Single.ino.cpp:24:10)
2021/03/14 14:51:24 IDE --> textDocument/documentHighlight 15 sent to Clang
2021/03/14 14:51:24 [91mIDE     LS --> CL: REQUEST textDocument/documentHighlight 16: [0m
2021/03/14 14:51:24 [92mIDE     LS <-- CL: ANSWER textDocument/documentHighlight 16 (16): [0m
2021/03/14 14:51:24 IDE --> textDocument/documentHighlight 15 [93m read-unlocked[0m
2021/03/14 14:51:24 [91mIDE <-- LS     CL: ANSWER UNBOUND (15): [0m
2021/03/14 14:51:26 [92mIDE --> LS     CL: REQUEST textDocument/codeAction 16: [0m
2021/03/14 14:51:26 IDE --> textDocument/codeAction 16 [93m read-locked[0m
2021/03/14 14:51:26 --> codeAction(file:///c%3A/Users/36045/YandexDisk/%5B1%5D%20%D0%92%D0%B8%D0%B4%D0%B5%D0%BE%D0%BA%D0%B0%D0%BD%D0%B0%D0%BB/%5B0%5D%20%D0%A3%D1%80%D0%BE%D0%BA%20ESP8266/%23092%20%D0%A3%D0%BD%D0%B8%D0%B2%D0%B5%D1%80%D1%81%D0%B0%D0%BB%D1%8C%D0%BD%D1%8B%D0%B9%20%D0%A0%D0%B5%D0%B3%D1%83%D0%BB%D1%8F%D1%82%D0%BE%D1%80%20%D0%A2%D0%B5%D0%BC%D0%BF%D0%B5%D1%80%D0%B0%D1%82%D1%83%D1%80%D1%8B%20%28ESP8266%20%2B%20Blynk%29/Sibeng24Regulator%20-%202021.03.09/examples/Arduino/ArduinoNano_Regulator_EEPROM_Single/ArduinoNano_Regulator_EEPROM_Single.ino:22:10)
2021/03/14 14:51:26     --> codeAction(file:///C:/Users/36045/AppData/Local/Temp/arduino-language-server644108963/sketch/ArduinoNano_Regulator_EEPROM_Single.ino.cpp:24:10)
2021/03/14 14:51:26 IDE --> textDocument/codeAction 16 sent to Clang
2021/03/14 14:51:26 [91mIDE     LS --> CL: REQUEST textDocument/codeAction 17: [0m
2021/03/14 14:51:26 [92mIDE     LS <-- CL: ANSWER textDocument/codeAction 17 (17): [0m
2021/03/14 14:51:26     <-- codeAction(0 elements)
2021/03/14 14:51:26 <-- codeAction(0 elements)
2021/03/14 14:51:26 IDE --> textDocument/codeAction 16 [93m read-unlocked[0m
2021/03/14 14:51:26 [91mIDE <-- LS     CL: ANSWER UNBOUND (16): [0m
2021/03/14 14:51:26 [92mIDE --> LS     CL: REQUEST textDocument/codeAction 17: [0m
2021/03/14 14:51:26 IDE --> textDocument/codeAction 17 [93m read-locked[0m
2021/03/14 14:51:26 --> codeAction(file:///c%3A/Users/36045/YandexDisk/%5B1%5D%20%D0%92%D0%B8%D0%B4%D0%B5%D0%BE%D0%BA%D0%B0%D0%BD%D0%B0%D0%BB/%5B0%5D%20%D0%A3%D1%80%D0%BE%D0%BA%20ESP8266/%23092%20%D0%A3%D0%BD%D0%B8%D0%B2%D0%B5%D1%80%D1%81%D0%B0%D0%BB%D1%8C%D0%BD%D1%8B%D0%B9%20%D0%A0%D0%B5%D0%B3%D1%83%D0%BB%D1%8F%D1%82%D0%BE%D1%80%20%D0%A2%D0%B5%D0%BC%D0%BF%D0%B5%D1%80%D0%B0%D1%82%D1%83%D1%80%D1%8B%20%28ESP8266%20%2B%20Blynk%29/Sibeng24Regulator%20-%202021.03.09/examples/Arduino/ArduinoNano_Regulator_EEPROM_Single/ArduinoNano_Regulator_EEPROM_Single.ino:22:10)
2021/03/14 14:51:26     --> codeAction(file:///C:/Users/36045/AppData/Local/Temp/arduino-language-server644108963/sketch/ArduinoNano_Regulator_EEPROM_Single.ino.cpp:24:10)
2021/03/14 14:51:26 IDE --> textDocument/codeAction 17 sent to Clang
2021/03/14 14:51:26 [91mIDE     LS --> CL: REQUEST textDocument/codeAction 18: [0m
2021/03/14 14:51:26 [92mIDE     LS <-- CL: ANSWER textDocument/codeAction 18 (18): [0m
2021/03/14 14:51:26     <-- codeAction(0 elements)
2021/03/14 14:51:26 <-- codeAction(0 elements)
2021/03/14 14:51:26 IDE --> textDocument/codeAction 17 [93m read-unlocked[0m
2021/03/14 14:51:26 [91mIDE <-- LS     CL: ANSWER UNBOUND (17): [0m
2021/03/14 14:51:27 [92mIDE --> LS     CL: REQUEST textDocument/hover 18: [0m
2021/03/14 14:51:27 IDE --> textDocument/hover 18 [93m read-locked[0m
2021/03/14 14:51:27 --> hover(file:///c%3A/Users/36045/YandexDisk/%5B1%5D%20%D0%92%D0%B8%D0%B4%D0%B5%D0%BE%D0%BA%D0%B0%D0%BD%D0%B0%D0%BB/%5B0%5D%20%D0%A3%D1%80%D0%BE%D0%BA%20ESP8266/%23092%20%D0%A3%D0%BD%D0%B8%D0%B2%D0%B5%D1%80%D1%81%D0%B0%D0%BB%D1%8C%D0%BD%D1%8B%D0%B9%20%D0%A0%D0%B5%D0%B3%D1%83%D0%BB%D1%8F%D1%82%D0%BE%D1%80%20%D0%A2%D0%B5%D0%BC%D0%BF%D0%B5%D1%80%D0%B0%D1%82%D1%83%D1%80%D1%8B%20%28ESP8266%20%2B%20Blynk%29/Sibeng24Regulator%20-%202021.03.09/examples/Arduino/ArduinoNano_Regulator_EEPROM_Single/ArduinoNano_Regulator_EEPROM_Single.ino:22:26)
2021/03/14 14:51:27     --> hover(file:///C:/Users/36045/AppData/Local/Temp/arduino-language-server644108963/sketch/ArduinoNano_Regulator_EEPROM_Single.ino.cpp:24:26)
2021/03/14 14:51:27 IDE --> textDocument/hover 18 sent to Clang
2021/03/14 14:51:27 [91mIDE     LS --> CL: REQUEST textDocument/hover 19: [0m
2021/03/14 14:51:27 [92mIDE     LS <-- CL: ANSWER textDocument/hover 19 (19): [0m
2021/03/14 14:51:27 IDE --> textDocument/hover 18 [93m read-unlocked[0m
2021/03/14 14:51:27 [91mIDE <-- LS     CL: ANSWER UNBOUND (18): [0m
2021/03/14 14:51:27 [92mIDE --> LS     CL: NOTIFICATION $/cancelRequest: [0m
2021/03/14 14:51:27 IDE --> $/cancelRequest notif8 [93m read-locked[0m
2021/03/14 14:51:27 IDE --> $/cancelRequest notif8 sent to Clang
2021/03/14 14:51:27 [91mIDE     LS --> CL: NOTIFICATION $/cancelRequest: [0m
2021/03/14 14:51:27 IDE --> $/cancelRequest notif8 [93m read-unlocked[0m
2021/03/14 14:51:27 [92mIDE --> LS     CL: REQUEST textDocument/hover 19: [0m
2021/03/14 14:51:27 IDE --> textDocument/hover 19 [93m read-locked[0m
2021/03/14 14:51:27 --> hover(file:///c%3A/Users/36045/YandexDisk/%5B1%5D%20%D0%92%D0%B8%D0%B4%D0%B5%D0%BE%D0%BA%D0%B0%D0%BD%D0%B0%D0%BB/%5B0%5D%20%D0%A3%D1%80%D0%BE%D0%BA%20ESP8266/%23092%20%D0%A3%D0%BD%D0%B8%D0%B2%D0%B5%D1%80%D1%81%D0%B0%D0%BB%D1%8C%D0%BD%D1%8B%D0%B9%20%D0%A0%D0%B5%D0%B3%D1%83%D0%BB%D1%8F%D1%82%D0%BE%D1%80%20%D0%A2%D0%B5%D0%BC%D0%BF%D0%B5%D1%80%D0%B0%D1%82%D1%83%D1%80%D1%8B%20%28ESP8266%20%2B%20Blynk%29/Sibeng24Regulator%20-%202021.03.09/examples/Arduino/ArduinoNano_Regulator_EEPROM_Single/ArduinoNano_Regulator_EEPROM_Single.ino:22:27)
2021/03/14 14:51:27     --> hover(file:///C:/Users/36045/AppData/Local/Temp/arduino-language-server644108963/sketch/ArduinoNano_Regulator_EEPROM_Single.ino.cpp:24:27)
2021/03/14 14:51:27 IDE --> textDocument/hover 19 sent to Clang
2021/03/14 14:51:27 [91mIDE     LS --> CL: REQUEST textDocument/hover 20: [0m
2021/03/14 14:51:27 [92mIDE     LS <-- CL: ANSWER textDocument/hover 20 (20): [0m
2021/03/14 14:51:27 IDE --> textDocument/hover 19 [93m read-unlocked[0m
2021/03/14 14:51:27 [91mIDE <-- LS     CL: ANSWER UNBOUND (19): [0m
2021/03/14 14:51:27 [92mIDE --> LS     CL: REQUEST textDocument/definition 20: [0m
2021/03/14 14:51:27 IDE --> textDocument/definition 20 [93m read-locked[0m
2021/03/14 14:51:27 --> textDocument/definition(file:///c%3A/Users/36045/YandexDisk/%5B1%5D%20%D0%92%D0%B8%D0%B4%D0%B5%D0%BE%D0%BA%D0%B0%D0%BD%D0%B0%D0%BB/%5B0%5D%20%D0%A3%D1%80%D0%BE%D0%BA%20ESP8266/%23092%20%D0%A3%D0%BD%D0%B8%D0%B2%D0%B5%D1%80%D1%81%D0%B0%D0%BB%D1%8C%D0%BD%D1%8B%D0%B9%20%D0%A0%D0%B5%D0%B3%D1%83%D0%BB%D1%8F%D1%82%D0%BE%D1%80%20%D0%A2%D0%B5%D0%BC%D0%BF%D0%B5%D1%80%D0%B0%D1%82%D1%83%D1%80%D1%8B%20%28ESP8266%20%2B%20Blynk%29/Sibeng24Regulator%20-%202021.03.09/examples/Arduino/ArduinoNano_Regulator_EEPROM_Single/ArduinoNano_Regulator_EEPROM_Single.ino:22:27)
2021/03/14 14:51:27     --> textDocument/definition(file:///C:/Users/36045/AppData/Local/Temp/arduino-language-server644108963/sketch/ArduinoNano_Regulator_EEPROM_Single.ino.cpp:24:27)
2021/03/14 14:51:27 IDE --> textDocument/definition 20 sent to Clang
2021/03/14 14:51:27 [91mIDE     LS --> CL: REQUEST textDocument/definition 21: [0m
2021/03/14 14:51:27 [92mIDE     LS <-- CL: ANSWER textDocument/definition 21 (21): [0m
2021/03/14 14:51:27     'C:\Users\36045\Documents\Arduino\libraries\Sibeng24Regulator\Sibeng24RegulatorEEPROM_AVR.h' is not inside 'C:\Users\36045\AppData\Local\Temp\arduino-language-server644108963\sketch'
2021/03/14 14:51:27     keep doc identifier to 'C:\Users\36045\Documents\Arduino\libraries\Sibeng24Regulator\Sibeng24RegulatorEEPROM_AVR.h' as-is
2021/03/14 14:51:27 IDE --> textDocument/definition 20 [93m read-unlocked[0m
2021/03/14 14:51:27 [91mIDE <-- LS     CL: ANSWER UNBOUND (20): [0m
2021/03/14 14:51:27 [92mIDE --> LS     CL: NOTIFICATION textDocument/didOpen: [0m
2021/03/14 14:51:27 IDE --> textDocument/didOpen notif9 [93m locked[0m
2021/03/14 14:51:27 IDE --> textDocument/didOpen notif9 (file:///c%3A/Users/36045/Documents/Arduino/libraries/Sibeng24Regulator/Sibeng24RegulatorEEPROM_AVR.h@1 as 'cpp')
2021/03/14 14:51:27     'C:\Users\36045\YandexDisk\[1] Видеоканал\[0] Урок ESP8266\#092 Универсальный Регулятор Температуры (ESP8266 + Blynk)\Sibeng24Regulator - 2021.03.09\examples\Arduino\ArduinoNano_Regulator_EEPROM_Single' not inside sketchroot 'C:\Users\36045\Documents\Arduino\libraries\Sibeng24Regulator\Sibeng24RegulatorEEPROM_AVR.h', passing doc identifier to as-is
2021/03/14 14:51:27 IDE --> textDocument/didOpen notif9 to clang: didOpen(file:///c%3A/Users/36045/Documents/Arduino/libraries/Sibeng24Regulator/Sibeng24RegulatorEEPROM_AVR.h@1 as 'cpp')
2021/03/14 14:51:27 IDE --> textDocument/didOpen notif9 sent to Clang
2021/03/14 14:51:27 [91mIDE     LS --> CL: NOTIFICATION textDocument/didOpen: [0m
2021/03/14 14:51:27 IDE --> textDocument/didOpen notif9 [93m unlocked[0m
2021/03/14 14:51:27 [92mIDE --> LS     CL: NOTIFICATION textDocument/didClose: [0m
2021/03/14 14:51:27 IDE --> textDocument/didClose notif10 [93m locked[0m
2021/03/14 14:51:27 --> didClose(file:///c%3A/Users/36045/Documents/Arduino/libraries/Sibeng24Regulator/Sibeng24RegulatorEEPROM_AVR.h)
2021/03/14 14:51:27     'C:\Users\36045\YandexDisk\[1] Видеоканал\[0] Урок ESP8266\#092 Универсальный Регулятор Температуры (ESP8266 + Blynk)\Sibeng24Regulator - 2021.03.09\examples\Arduino\ArduinoNano_Regulator_EEPROM_Single' not inside sketchroot 'C:\Users\36045\Documents\Arduino\libraries\Sibeng24Regulator\Sibeng24RegulatorEEPROM_AVR.h', passing doc identifier to as-is
2021/03/14 14:51:27     --> didClose(file:///c%3A/Users/36045/Documents/Arduino/libraries/Sibeng24Regulator/Sibeng24RegulatorEEPROM_AVR.h)
2021/03/14 14:51:27 IDE --> textDocument/didClose notif10 sent to Clang
2021/03/14 14:51:27 [91mIDE     LS --> CL: NOTIFICATION textDocument/didClose: [0m
2021/03/14 14:51:27 IDE --> textDocument/didClose notif10 [93m unlocked[0m
2021/03/14 14:51:27 [92mIDE     LS <-- CL: NOTIFICATION textDocument/publishDiagnostics: [0m
2021/03/14 14:51:27 CLG <-- textDocument/publishDiagnostics notif64 (queued)
2021/03/14 14:51:27 CLG <-- textDocument/publishDiagnostics notif64 [93m read-locked[0m
2021/03/14 14:51:27 CLG <-- textDocument/publishDiagnostics notif64 (running)
2021/03/14 14:51:27 CLG <-- textDocument/publishDiagnostics notif64 publishDiagnostics(file:///c:/Users/36045/Documents/Arduino/libraries/Sibeng24Regulator/Sibeng24RegulatorEEPROM_AVR.h):
2021/03/14 14:51:27     'C:\Users\36045\Documents\Arduino\libraries\Sibeng24Regulator\Sibeng24RegulatorEEPROM_AVR.h' is not inside 'C:\Users\36045\AppData\Local\Temp\arduino-language-server644108963\sketch'
2021/03/14 14:51:27     keep doc identifier to 'C:\Users\36045\Documents\Arduino\libraries\Sibeng24Regulator\Sibeng24RegulatorEEPROM_AVR.h' as-is
2021/03/14 14:51:27 CLG <-- textDocument/publishDiagnostics notif64 to IDE: publishDiagnostics(file:///c:/Users/36045/Documents/Arduino/libraries/Sibeng24Regulator/Sibeng24RegulatorEEPROM_AVR.h):
2021/03/14 14:51:27 [91mIDE <-- LS     CL: NOTIFICATION textDocument/publishDiagnostics: [0m
2021/03/14 14:51:27 CLG <-- textDocument/publishDiagnostics notif64 [93m read-unlocked[0m
2021/03/14 14:51:28 [92mIDE --> LS     CL: REQUEST textDocument/definition 21: [0m
2021/03/14 14:51:28 IDE --> textDocument/definition 21 [93m read-locked[0m
2021/03/14 14:51:28 --> textDocument/definition(file:///c%3A/Users/36045/YandexDisk/%5B1%5D%20%D0%92%D0%B8%D0%B4%D0%B5%D0%BE%D0%BA%D0%B0%D0%BD%D0%B0%D0%BB/%5B0%5D%20%D0%A3%D1%80%D0%BE%D0%BA%20ESP8266/%23092%20%D0%A3%D0%BD%D0%B8%D0%B2%D0%B5%D1%80%D1%81%D0%B0%D0%BB%D1%8C%D0%BD%D1%8B%D0%B9%20%D0%A0%D0%B5%D0%B3%D1%83%D0%BB%D1%8F%D1%82%D0%BE%D1%80%20%D0%A2%D0%B5%D0%BC%D0%BF%D0%B5%D1%80%D0%B0%D1%82%D1%83%D1%80%D1%8B%20%28ESP8266%20%2B%20Blynk%29/Sibeng24Regulator%20-%202021.03.09/examples/Arduino/ArduinoNano_Regulator_EEPROM_Single/ArduinoNano_Regulator_EEPROM_Single.ino:28:65)
2021/03/14 14:51:28     --> textDocument/definition(file:///C:/Users/36045/AppData/Local/Temp/arduino-language-server644108963/sketch/ArduinoNano_Regulator_EEPROM_Single.ino.cpp:30:65)
2021/03/14 14:51:28 IDE --> textDocument/definition 21 sent to Clang
2021/03/14 14:51:28 [91mIDE     LS --> CL: REQUEST textDocument/definition 22: [0m
2021/03/14 14:51:28 [92mIDE     LS <-- CL: ANSWER textDocument/definition 22 (22): [0m
2021/03/14 14:51:28     URI: 'C:\Users\36045\AppData\Local\Temp\arduino-language-server644108963\sketch\Timers.h' -> 'C:\Users\36045\YandexDisk\[1] Видеоканал\[0] Урок ESP8266\#092 Универсальный Регулятор Температуры (ESP8266 + Blynk)\Sibeng24Regulator - 2021.03.09\examples\Arduino\ArduinoNano_Regulator_EEPROM_Single\Timers.h'
2021/03/14 14:51:28               as URI: 'file:///c%3A/Users/36045/YandexDisk/%5B1%5D%20%D0%92%D0%B8%D0%B4%D0%B5%D0%BE%D0%BA%D0%B0%D0%BD%D0%B0%D0%BB/%5B0%5D%20%D0%A3%D1%80%D0%BE%D0%BA%20ESP8266/%23092%20%D0%A3%D0%BD%D0%B8%D0%B2%D0%B5%D1%80%D1%81%D0%B0%D0%BB%D1%8C%D0%BD%D1%8B%D0%B9%20%D0%A0%D0%B5%D0%B3%D1%83%D0%BB%D1%8F%D1%82%D0%BE%D1%80%20%D0%A2%D0%B5%D0%BC%D0%BF%D0%B5%D1%80%D0%B0%D1%82%D1%83%D1%80%D1%8B%20%28ESP8266%20%2B%20Blynk%29/Sibeng24Regulator%20-%202021.03.09/examples/Arduino/ArduinoNano_Regulator_EEPROM_Single/Timers.h'
2021/03/14 14:51:28 IDE --> textDocument/definition 21 [93m read-unlocked[0m
2021/03/14 14:51:28 [91mIDE <-- LS     CL: ANSWER UNBOUND (21): [0m
2021/03/14 14:58:14 [92mIDE --> LS     CL: REQUEST shutdown 22: [0m
2021/03/14 14:58:14 IDE --> shutdown 22 [93m read-locked[0m
2021/03/14 14:58:14 IDE --> shutdown 22 sent to Clang
2021/03/14 14:58:14 [91mIDE     LS --> CL: REQUEST shutdown 23: [0m
2021/03/14 14:58:14 [92mIDE     LS <-- CL: ANSWER shutdown 23 (23): [0m
2021/03/14 14:58:14 IDE --> shutdown 22 [93m read-unlocked[0m
2021/03/14 14:58:14 [91mIDE <-- LS     CL: ANSWER UNBOUND (22): [0m
2021/03/14 14:58:14 [92mIDE --> LS     CL: NOTIFICATION exit: [0m
2021/03/14 14:58:14 IDE --> exit notif11 [93m read-locked[0m
2021/03/14 14:58:14 IDE --> exit notif11 sent to Clang
2021/03/14 14:58:14 [91mIDE     LS --> CL: NOTIFICATION exit: [0m
2021/03/14 14:58:14 IDE --> exit notif11 [93m read-unlocked[0m
2021/03/14 14:58:14 Lost connection with clangd!
2021/03/14 14:58:14 removing buildpath
