






Started logging.

<<<
Content-Length: 4148

{"jsonrpc":"2.0","id":0,"method":"initialize","params":{"processId":9244,"clientInfo":{"name":"vscode","version":"1.50.0"},"rootPath":"c:\\Users\\36045\\YandexDisk\\[1] Видеоканал\\[0] Урок ESP8266\\#092 Универсальный Регулятор Температуры (ESP8266 + Blynk)\\Sibeng24Regulator - 2021.03.09\\examples\\Arduino\\ArduinoNano_Regulator_EEPROM_Single","rootUri":"file:///c%3A/Users/36045/YandexDisk/%5B1%5D%20%D0%92%D0%B8%D0%B4%D0%B5%D0%BE%D0%BA%D0%B0%D0%BD%D0%B0%D0%BB/%5B0%5D%20%D0%A3%D1%80%D0%BE%D0%BA%20ESP8266/%23092%20%D0%A3%D0%BD%D0%B8%D0%B2%D0%B5%D1%80%D1%81%D0%B0%D0%BB%D1%8C%D0%BD%D1%8B%D0%B9%20%D0%A0%D0%B5%D0%B3%D1%83%D0%BB%D1%8F%D1%82%D0%BE%D1%80%20%D0%A2%D0%B5%D0%BC%D0%BF%D0%B5%D1%80%D0%B0%D1%82%D1%83%D1%80%D1%8B%20%28ESP8266%20%2B%20Blynk%29/Sibeng24Regulator%20-%202021.03.09/examples/Arduino/ArduinoNano_Regulator_EEPROM_Single","capabilities":{"workspace":{"applyEdit":true,"workspaceEdit":{"documentChanges":true,"resourceOperations":["create","rename","delete"],"failureHandling":"textOnlyTransactional"},"didChangeConfiguration":{"dynamicRegistration":true},"didChangeWatchedFiles":{"dynamicRegistration":true},"symbol":{"dynamicRegistration":true,"symbolKind":{"valueSet":[1,2,3,4,5,6,7,8,9,10,11,12,13,14,15,16,17,18,19,20,21,22,23,24,25,26]}},"executeCommand":{"dynamicRegistration":true},"configuration":true,"workspaceFolders":true},"textDocument":{"publishDiagnostics":{"relatedInformation":true,"versionSupport":false,"tagSupport":{"valueSet":[1,2]}},"synchronization":{"dynamicRegistration":true,"willSave":true,"willSaveWaitUntil":true,"didSave":true},"completion":{"dynamicRegistration":true,"contextSupport":true,"completionItem":{"snippetSupport":true,"commitCharactersSupport":true,"documentationFormat":["markdown","plaintext"],"deprecatedSupport":true,"preselectSupport":true,"tagSupport":{"valueSet":[1]}},"completionItemKind":{"valueSet":[1,2,3,4,5,6,7,8,9,10,11,12,13,14,15,16,17,18,19,20,21,22,23,24,25]}},"hover":{"dynamicRegistration":true,"contentFormat":["markdown","plaintext"]},"signatureHelp":{"dynamicRegistration":true,"signatureInformation":{"documentationFormat":["markdown","plaintext"],"parameterInformation":{"labelOffsetSupport":true}},"contextSupport":true},"definition":{"dynamicRegistration":true,"linkSupport":true},"references":{"dynamicRegistration":true},"documentHighlight":{"dynamicRegistration":true},"documentSymbol":{"dynamicRegistration":true,"symbolKind":{"valueSet":[1,2,3,4,5,6,7,8,9,10,11,12,13,14,15,16,17,18,19,20,21,22,23,24,25,26]},"hierarchicalDocumentSymbolSupport":true},"codeAction":{"dynamicRegistration":true,"isPreferredSupport":true,"codeActionLiteralSupport":{"codeActionKind":{"valueSet":["","quickfix","refactor","refactor.extract","refactor.inline","refactor.rewrite","source","source.organizeImports"]}}},"codeLens":{"dynamicRegistration":true},"formatting":{"dynamicRegistration":true},"rangeFormatting":{"dynamicRegistration":true},"onTypeFormatting":{"dynamicRegistration":true},"rename":{"dynamicRegistration":true,"prepareSupport":true},"documentLink":{"dynamicRegistration":true,"tooltipSupport":true},"typeDefinition":{"dynamicRegistration":true,"linkSupport":true},"implementation":{"dynamicRegistration":true,"linkSupport":true},"colorProvider":{"dynamicRegistration":true},"foldingRange":{"dynamicRegistration":true,"rangeLimit":5000,"lineFoldingOnly":true},"declaration":{"dynamicRegistration":true,"linkSupport":true},"selectionRange":{"dynamicRegistration":true}},"window":{"workDoneProgress":true}},"initializationOptions":{},"trace":"off","workspaceFolders":[{"uri":"file:///c%3A/Users/36045/YandexDisk/%5B1%5D%20%D0%92%D0%B8%D0%B4%D0%B5%D0%BE%D0%BA%D0%B0%D0%BD%D0%B0%D0%BB/%5B0%5D%20%D0%A3%D1%80%D0%BE%D0%BA%20ESP8266/%23092%20%D0%A3%D0%BD%D0%B8%D0%B2%D0%B5%D1%80%D1%81%D0%B0%D0%BB%D1%8C%D0%BD%D1%8B%D0%B9%20%D0%A0%D0%B5%D0%B3%D1%83%D0%BB%D1%8F%D1%82%D0%BE%D1%80%20%D0%A2%D0%B5%D0%BC%D0%BF%D0%B5%D1%80%D0%B0%D1%82%D1%83%D1%80%D1%8B%20%28ESP8266%20%2B%20Blynk%29/Sibeng24Regulator%20-%202021.03.09/examples/Arduino/ArduinoNano_Regulator_EEPROM_Single","name":"ArduinoNano_Regulator_EEPROM_Single"}]}}
>>>
Content-Length: 598

{"id":0,"result":{"capabilities":{"textDocumentSync":2,"hoverProvider":true,"completionProvider":{"triggerCharacters":[".","\u003e",":"]},"signatureHelpProvider":{"triggerCharacters":["(",","]},"definitionProvider":true,"documentHighlightProvider":true,"documentSymbolProvider":true,"workspaceSymbolProvider":true,"codeActionProvider":true,"documentFormattingProvider":true,"documentRangeFormattingProvider":true,"documentOnTypeFormattingProvider":{"firstTriggerCharacter":"\n"},"renameProvider":false,"executeCommandProvider":{"commands":["clangd.applyFix","clangd.applyTweak"]}}},"jsonrpc":"2.0"}
<<<
Content-Length: 52

{"jsonrpc":"2.0","method":"initialized","params":{}}Content-Length: 6054

{"jsonrpc":"2.0","method":"textDocument/didOpen","params":{"textDocument":{"uri":"file:///c%3A/Users/36045/YandexDisk/%5B1%5D%20%D0%92%D0%B8%D0%B4%D0%B5%D0%BE%D0%BA%D0%B0%D0%BD%D0%B0%D0%BB/%5B0%5D%20%D0%A3%D1%80%D0%BE%D0%BA%20ESP8266/%23092%20%D0%A3%D0%BD%D0%B8%D0%B2%D0%B5%D1%80%D1%81%D0%B0%D0%BB%D1%8C%D0%BD%D1%8B%D0%B9%20%D0%A0%D0%B5%D0%B3%D1%83%D0%BB%D1%8F%D1%82%D0%BE%D1%80%20%D0%A2%D0%B5%D0%BC%D0%BF%D0%B5%D1%80%D0%B0%D1%82%D1%83%D1%80%D1%8B%20%28ESP8266%20%2B%20Blynk%29/Sibeng24Regulator%20-%202021.03.09/examples/Arduino/ArduinoNano_Regulator_EEPROM_Single/ArduinoNano_Regulator_EEPROM_Single.ino","languageId":"cpp","version":1,"text":"/*\r\n    Простой скетч для работы с терморегулятором\r\n    Из коробки идет запись данных в EEPROM\r\n\r\n    Во вкладке Help.h находятся все методы класса\r\n\r\n    Залейте скетч и в первый раз увидете что все настройки регулятора базовые\r\n\r\n    Далее раскоментируйте настройки и залейте скетч, потом можно их закоментировать опять\r\n    ведь все настройки в EEPROM и перезалить скетч Что бы не мучить память\r\n\r\n    В этом скетче применен фейковый сенсор температуры\r\n\r\n    Если регулятору задать обратную логику setRLL(LOW) то состояние выходов ниже\r\n                                              | Включить реле ||Выключить реле |\r\n    OutState() - это выход логики регулятора  |     HIGH      ||     LOW       |\r\n    OutRelay() - это выход на реле            |     LOW       ||     HIGH      |\r\n*/\r\n\r\n#include \"Variables.h\"            // Подключаем вкладку с переменными\r\n\r\n// Подключаем библиотеку для работы с AVR\r\n#include \"Sibeng24RegulatorEEPROM_AVR.h\"\r\n\r\n//Конструктор класса\r\nSibeng24RegulatorEEPROM_AVR R;    // Создаем регуляторов (экземпляр класса)\r\n\r\n\r\n#include \"Timers.h\"               // Подключаем вкладку с функцией таймера\r\n#include \"Sensor.h\"               // Подключаем вкладку с сенсором\r\n\r\n\r\n\r\nvoid setup() {\r\n  pinMode(13, OUTPUT);     // Объявляем GPIO как выход\r\n  pinMode(PIN_Relay, OUTPUT);     // Объявляем GPIO как выход\r\n\r\n  //R.setAllFactorySettings();\r\n  Serial.begin(9600);\r\n//  while (!Serial) {\r\n//    ; // wait for serial port to connect. Needed for native USB port only\r\n//  }\r\n  Serial.println(\"Done\");\r\n  R.printSet();  // Выводит в Serial все настройки регулятора\r\n  R.printAddr(); // Выводит таблицу Адресов\r\n\r\n\r\n  // Настроим Регулятор(ы) (Достаточно один раз записать настройки, а после можно закоментировать)\r\n  // Ведь настройки будут храниться в EEPROM\r\n  /*\r\n    R.setType(HEATER);    // Выбираем тип регулятора(HEATER, COOLER)\r\n    R.setRLL(HIGH);       // Выбираем тип выходного сигнала Уровень Логики Реле. Каким сигналом управляется (HIGH/LOW)\r\n    R.setErrorState(LOW); // Безопасное состояние логики реле (bool)\r\n\r\n    R.setDelta(2.1);      // Устанавливаем Дельта (Гистерезис)\r\n    R.setTempSet(20.5);   // Устанавливаем Уставку температуры\r\n    R.setAuto();          // Выбираем (Автоматический Режим)\r\n  */\r\n\r\n  delay(5000); // Задержка просто так :-)\r\n}\r\n\r\nvoid loop() {\r\n  ms = millis();  // Записываем в ms количество секунд с начала работы МК\r\n\r\n  // Действие происходит по таймеру\r\n  if (Timer(msR, TIMEOUT_R)) {\r\n    digitalWrite(13, !digitalRead(13));\r\n    Serial.println();\r\n    Serial.print(F(\"Regulator: \"));       Serial.print(R.getId());          // Выводим ID Регулятора\r\n    float temp = loopSensor();                                              // Опрашиваем датчик температуры\r\n    Serial.print(F(\"  Temp Set: \"));      Serial.print(R.getTempSet());     // Выводим Уставку\r\n    Serial.print(F(\" / Temp Sensor: \"));  Serial.print(temp);               // Выводим Текущую температуру\r\n\r\n    R.setTempIn(temp);                          // Получаем Температуру от датчика температуры\r\n\r\n    digitalWrite(PIN_Relay, R.OutRelay());      // Производит вычисления и выдает результат на Реле\r\n    // Выдаем управлящий сигнал на Реле\r\n\r\n    Serial.print(F(\" ==> OutRelay: \"));         // Выводи сотояние выхода регулятора подключенного к Реле\r\n    if (R.OutRelay())    Serial.print(\"ON\");\r\n    else                Serial.print(\"OFF\");\r\n\r\n    // Выводим состояние Логики регулятора\r\n    // Оно может отличаться от Out() так как Out() зависит от уровня логики (HIGH/LOW)\r\n    // а OutState() выдает именно состояние логики\r\n    Serial.print(F(\" / OutState Logic: \"));\r\n    if (R.OutState())    Serial.print(\"ON\");\r\n    else                Serial.print(\"OFF\");\r\n\r\n    Serial.println();\r\n  }\r\n}\r\n"}}}Content-Length: 4300

{"jsonrpc":"2.0","method":"textDocument/didOpen","params":{"textDocument":{"uri":"file:///c%3A/Users/36045/YandexDisk/%5B1%5D%20%D0%92%D0%B8%D0%B4%D0%B5%D0%BE%D0%BA%D0%B0%D0%BD%D0%B0%D0%BB/%5B0%5D%20%D0%A3%D1%80%D0%BE%D0%BA%20ESP8266/%23092%20%D0%A3%D0%BD%D0%B8%D0%B2%D0%B5%D1%80%D1%81%D0%B0%D0%BB%D1%8C%D0%BD%D1%8B%D0%B9%20%D0%A0%D0%B5%D0%B3%D1%83%D0%BB%D1%8F%D1%82%D0%BE%D1%80%20%D0%A2%D0%B5%D0%BC%D0%BF%D0%B5%D1%80%D0%B0%D1%82%D1%83%D1%80%D1%8B%20%28ESP8266%20%2B%20Blynk%29/Sibeng24Regulator%20-%202021.03.09/examples/Arduino/ArduinoNano_Regulator_EEPROM_Single/Help.h","languageId":"cpp","version":1,"text":"#if defined(USE_HELPMY)\r\n// Set \"Сетеры\"\r\n  R.setAuto();      // Выбираем (Автоматический Режим)\r\n  \r\n  R.setManual();    // Выбираем (Ручной Режим)(Автоматически Состояние на выходи станет Равным Безопасному состояние реле)\r\n  R.setManualON();  // Выбираем (Ручной Режим)(Состояние на выходи станет HIGH)\r\n  R.setManualOFF(); // Выбираем (Ручной Режим)(Cостояние на выходи станет LOW)\r\n  \r\n  R.setError();         // Выбираем (Ручной Ошибка) По датчику\r\n  R.setErrorState(LOW); // Безопасное состояние логики реле (bool)\r\n  \r\n  R.setType(HEATER);    // Выбираем тип регулятора(HEATER, COOLER)\r\n  R.setRLL(HIGH);       // Выбираем тип выходного сигнала Уровень Логики Реле. Каким сигналом управляется (HIGH/LOW)\r\n  \r\n  R.setDelta(0.5);      // Устанавливаем Дельта (Гистерезис)\r\n  R.setTempSet(20);     // Устанавливаем Уставку температуры\r\n  R.setTempIn(20);      // Устанавливаем Температура от датчика температуры\r\n\r\n  R.setFactorySettings();    // Сброс настроек в заводские\r\n  R.setAllFactorySettings(); // Сбросить настройки всех Экземпляров класса после перезагрузки устройства\r\n\r\n// Get \"Гетеры\"\r\n  R.Alarm();         // (bool) Возвращает Сигнал Аварии (от датчика)\r\n  R.getModeState();  // (uint8_t) Возвращает режим регулятора состояние (Автоматический/Ручной/Ошибка)(AUTOMODE, MANUALMODE, ERRORMODE)\r\n  \r\n  R.getType();  // (uint8_t) Возвращает тип регулятора(HEATER, COOLER)\r\n  R.getRLL();   // (bool) Возвращает тип выходного сигнала Уровень Логики Реле. Каким сигналом управляется (HIGH/LOW)\r\n  \r\n  R.getDelta();    // (float) Возвращает Дельта (Гистерезис)\r\n  R.getTempSet();  // (float) Возвращает Уставку температуры\r\n  R.getTempIn();   // (float) Возвращает Температуру от датчика температуры\r\n\r\n  R.getId();     // (uint8_t) ID класса (порядковый номер регулятора)\r\n  R.getCount();  // (uint8_t) Счетчик для ID класса (порядковый номер регулятора)\r\n      \r\n  R.printSet();       // Выводит в Serial все настройки регулятора\r\n  R.printAddr();      // Выводит таблицу Адресов\r\n  R.getEEPROMaddr();  // (uint16_t) Возвращает следующий не занятый адрес в EEPROM\r\n  \r\n  R.OutRelay();            // (bool) Производит вычисления и выдает результат на Реле\r\n  R.OutRelay(17.8);        // (bool) Производит вычисления и выдает результат на Реле\r\n  R.OutState();       // (bool) Производит вычисления и выдает результат Логики\r\n  R.OutState(20.8);   // (bool) Производит вычисления и выдает результат Логики\r\n\r\n#endif USE_HELPMY\r\n"}}}Content-Length: 1243

{"jsonrpc":"2.0","method":"textDocument/didOpen","params":{"textDocument":{"uri":"file:///c%3A/Users/36045/YandexDisk/%5B1%5D%20%D0%92%D0%B8%D0%B4%D0%B5%D0%BE%D0%BA%D0%B0%D0%BD%D0%B0%D0%BB/%5B0%5D%20%D0%A3%D1%80%D0%BE%D0%BA%20ESP8266/%23092%20%D0%A3%D0%BD%D0%B8%D0%B2%D0%B5%D1%80%D1%81%D0%B0%D0%BB%D1%8C%D0%BD%D1%8B%D0%B9%20%D0%A0%D0%B5%D0%B3%D1%83%D0%BB%D1%8F%D1%82%D0%BE%D1%80%20%D0%A2%D0%B5%D0%BC%D0%BF%D0%B5%D1%80%D0%B0%D1%82%D1%83%D1%80%D1%8B%20%28ESP8266%20%2B%20Blynk%29/Sibeng24Regulator%20-%202021.03.09/examples/Arduino/ArduinoNano_Regulator_EEPROM_Single/Sensor.h","languageId":"cpp","version":1,"text":"\r\n#define MAX_TEMP 30 // Максимальная температура\r\n#define MIN_TEMP 10 // Минимальная температура\r\n\r\n// Фейковая Функция опроса датчика\r\nfloat loopSensor() {\r\n  static float Temp = MIN_TEMP;\r\n  static bool Direction = true;\r\n\r\n  if (Direction)  {\r\n    Temp += (float)random(50, 150) / 100;\r\n    if (Temp > MAX_TEMP) {\r\n      Direction = false;\r\n    }\r\n  }\r\n  else            {\r\n    Temp -= (float)random(50, 150) / 100;\r\n    if (Temp < MIN_TEMP) {\r\n      Direction = true;\r\n    }\r\n  }\r\n  return Temp;\r\n}\r\n"}}}Content-Length: 1383

{"jsonrpc":"2.0","method":"textDocument/didOpen","params":{"textDocument":{"uri":"file:///c%3A/Users/36045/YandexDisk/%5B1%5D%20%D0%92%D0%B8%D0%B4%D0%B5%D0%BE%D0%BA%D0%B0%D0%BD%D0%B0%D0%BB/%5B0%5D%20%D0%A3%D1%80%D0%BE%D0%BA%20ESP8266/%23092%20%D0%A3%D0%BD%D0%B8%D0%B2%D0%B5%D1%80%D1%81%D0%B0%D0%BB%D1%8C%D0%BD%D1%8B%D0%B9%20%D0%A0%D0%B5%D0%B3%D1%83%D0%BB%D1%8F%D1%82%D0%BE%D1%80%20%D0%A2%D0%B5%D0%BC%D0%BF%D0%B5%D1%80%D0%B0%D1%82%D1%83%D1%80%D1%8B%20%28ESP8266%20%2B%20Blynk%29/Sibeng24Regulator%20-%202021.03.09/examples/Arduino/ArduinoNano_R
>>>
Content-Length: 111

{"method":"window/workDoneProgress/create","params":{"token":"backgroundIndexProgress"},"id":0,"jsonrpc":"2.0"}
<<<
egulator_EEPROM_Single/Timers.h","languageId":"cpp","version":1,"text":"// Функция таймера на millis()\r\n// Взозвращает true или false\r\n// &msF вот занчек & перед переменной означает, что все действия внутри функции будут записанны в переменную которую мы сюда подставим\r\n// это называется ссылка\r\n\r\nbool Timer(uint32_t &msF, uint32_t timeOut, bool refresh_ms = true) {\r\n  if ((int32_t)(ms - msF) >= timeOut) {\r\n    if (refresh_ms) {\r\n      msF = ms; //Если refresh_ms=true (значение по умолчанию), то обновим время в переменной &msF\r\n    }\r\n    return true;\r\n  }\r\n  else {\r\n    return false;\r\n  }\r\n}\r\n"}}}Content-Length: 1313

{"jsonrpc":"2.0","method":"textDocument/didOpen","params":{"textDocument":{"uri":"file:///c%3A/Users/36045/YandexDisk/%5B1%5D%20%D0%92%D0%B8%D0%B4%D0%B5%D0%BE%D0%BA%D0%B0%D0%BD%D0%B0%D0%BB/%5B0%5D%20%D0%A3%D1%80%D0%BE%D0%BA%20ESP8266/%23092%20%D0%A3%D0%BD%D0%B8%D0%B2%D0%B5%D1%80%D1%81%D0%B0%D0%BB%D1%8C%D0%BD%D1%8B%D0%B9%20%D0%A0%D0%B5%D0%B3%D1%83%D0%BB%D1%8F%D1%82%D0%BE%D1%80%20%D0%A2%D0%B5%D0%BC%D0%BF%D0%B5%D1%80%D0%B0%D1%82%D1%83%D1%80%D1%8B%20%28ESP8266%20%2B%20Blynk%29/Sibeng24Regulator%20-%202021.03.09/examples/Arduino/ArduinoNano_Regulator_EEPROM_Single/Variables.h","languageId":"cpp","version":1,"text":"\r\n\r\n///////////////////////////////\r\n// База PIN-ов\r\n\r\nconst uint8_t PIN_Relay = 5;\r\n\r\n// Переменные для таймера на millis();\r\nuint32_t ms;            // Хранит время с начала работы МК\r\n\r\n// Хранят время с последнего события\r\nuint32_t msR;           // Служит для опроса датчика температуры с заданным интевалом\r\n\r\nconst uint32_t TIMEOUT_R = 1000;  // Частота опроса датчика температуры (ставим const если не собираемся менять это значение в скетче)\r\n"}}}Content-Length: 722

{"jsonrpc":"2.0","id":1,"method":"textDocument/codeAction","params":{"textDocument":{"uri":"file:///c%3A/Users/36045/YandexDisk/%5B1%5D%20%D0%92%D0%B8%D0%B4%D0%B5%D0%BE%D0%BA%D0%B0%D0%BD%D0%B0%D0%BB/%5B0%5D%20%D0%A3%D1%80%D0%BE%D0%BA%20ESP8266/%23092%20%D0%A3%D0%BD%D0%B8%D0%B2%D0%B5%D1%80%D1%81%D0%B0%D0%BB%D1%8C%D0%BD%D1%8B%D0%B9%20%D0%A0%D0%B5%D0%B3%D1%83%D0%BB%D1%8F%D1%82%D0%BE%D1%80%20%D0%A2%D0%B5%D0%BC%D0%BF%D0%B5%D1%80%D0%B0%D1%82%D1%83%D1%80%D1%8B%20%28ESP8266%20%2B%20Blynk%29/Sibeng24Regulator%20-%202021.03.09/examples/Arduino/ArduinoNano_Regulator_EEPROM_Single/ArduinoNano_Regulator_EEPROM_Single.ino"},"range":{"start":{"line":0,"character":0},"end":{"line":0,"character":0}},"context":{"diagnostics":[]}}}Content-Length: 689

{"jsonrpc":"2.0","id":2,"method":"textDocument/codeAction","params":{"textDocument":{"uri":"file:///c%3A/Users/36045/YandexDisk/%5B1%5D%20%D0%92%D0%B8%D0%B4%D0%B5%D0%BE%D0%BA%D0%B0%D0%BD%D0%B0%D0%BB/%5B0%5D%20%D0%A3%D1%80%D0%BE%D0%BA%20ESP8266/%23092%20%D0%A3%D0%BD%D0%B8%D0%B2%D0%B5%D1%80%D1%81%D0%B0%D0%BB%D1%8C%D0%BD%D1%8B%D0%B9%20%D0%A0%D0%B5%D0%B3%D1%83%D0%BB%D1%8F%D1%82%D0%BE%D1%80%20%D0%A2%D0%B5%D0%BC%D0%BF%D0%B5%D1%80%D0%B0%D1%82%D1%83%D1%80%D1%8B%20%28ESP8266%20%2B%20Blynk%29/Sibeng24Regulator%20-%202021.03.09/examples/Arduino/ArduinoNano_Regulator_EEPROM_Single/Help.h"},"range":{"start":{"line":0,"character":0},"end":{"line":0,"character":0}},"context":{"diagnostics":[]}}}Content-Length: 691

{"jsonrpc":"2.0","id":3,"method":"textDocument/codeAction","params":{"textDocument":{"uri":"file:///c%3A/Users/36045/YandexDisk/%5B1%5D%20%D0%92%D0%B8%D0%B4%D0%B5%D0%BE%D0%BA%D0%B0%D0%BD%D0%B0%D0%BB/%5B0%5D%20%D0%A3%D1%80%D0%BE%D0%BA%20ESP8266/%23092%20%D0%A3%D0%BD%D0%B8%D0%B2%D0%B5%D1%80%D1%81%D0%B0%D0%BB%D1%8C%D0%BD%D1%8B%D0%B9%20%D0%A0%D0%B5%D0%B3%D1%83%D0%BB%D1%8F%D1%82%D0%BE%D1%80%20%D0%A2%D0%B5%D0%BC%D0%BF%D0%B5%D1%80%D0%B0%D1%82
>>>
Content-Length: 587

{"method":"textDocument/publishDiagnostics","params":{"uri":"file:///c%3A/Users/36045/YandexDisk/%5B1%5D%20%D0%92%D0%B8%D0%B4%D0%B5%D0%BE%D0%BA%D0%B0%D0%BD%D0%B0%D0%BB/%5B0%5D%20%D0%A3%D1%80%D0%BE%D0%BA%20ESP8266/%23092%20%D0%A3%D0%BD%D0%B8%D0%B2%D0%B5%D1%80%D1%81%D0%B0%D0%BB%D1%8C%D0%BD%D1%8B%D0%B9%20%D0%A0%D0%B5%D0%B3%D1%83%D0%BB%D1%8F%D1%82%D0%BE%D1%80%20%D0%A2%D0%B5%D0%BC%D0%BF%D0%B5%D1%80%D0%B0%D1%82%D1%83%D1%80%D1%8B%20%28ESP8266%20%2B%20Blynk%29/Sibeng24Regulator%20-%202021.03.09/examples/Arduino/ArduinoNano_Regulator_EEPROM_Single/Help.h","diagnostics":[]},"jsonrpc":"2.0"}Content-Length: 964

{"method":"textDocument/publishDiagnostics","params":{"uri":"file:///c%3A/Users/36045/YandexDisk/%5B1%5D%20%D0%92%D0%B8%D0%B4%D0%B5%D0%BE%D0%BA%D0%B0%D0%BD%D0%B0%D0%BB/%5B0%5D%20%D0%A3%D1%80%D0%BE%D0%BA%20ESP8266/%23092%20%D0%A3%D0%BD%D0%B8%D0%B2%D0%B5%D1%80%D1%81%D0%B0%D0%BB%D1%8C%D0%BD%D1%8B%D0%B9%20%D0%A0%D0%B5%D0%B3%D1%83%D0%BB%D1%8F%D1%82%D0%BE%D1%80%20%D0%A2%D0%B5%D0%BC%D0%BF%D0%B5%D1%80%D0%B0%D1%82%D1%83%D1%80%D1%8B%20%28ESP8266%20%2B%20Blynk%29/Sibeng24Regulator%20-%202021.03.09/examples/Arduino/ArduinoNano_Regulator_EEPROM_Single/Sensor.h","diagnostics":[{"range":{"start":{"line":10,"character":19},"end":{"line":10,"character":25}},"severity":1,"code":"undeclared_var_use","source":"clang","message":"Use of undeclared identifier 'random'"},{"range":{"start":{"line":16,"character":19},"end":{"line":16,"character":25}},"severity":1,"code":"undeclared_var_use","source":"clang","message":"Use of undeclared identifier 'random'"}]},"jsonrpc":"2.0"}Content-Length: 1288

{"method":"textDocument/publishDiagnostics","params":{"uri":"file:///c%3A/Users/36045/YandexDisk/%5B1%5D%20%D0%92%D0%B8%D0%B4%D0%B5%D0%BE%D0%BA%D0%B0%D0%BD%D0%B0%D0%BB/%5B0%5D%20%D0%A3%D1%80%D0%BE%D0%BA%20ESP8266/%23092%20%D0%A3%D0%BD%D0%B8%D0%B2%D0%B5%D1%80%D1%81%D0%B0%D0%BB%D1%8C%D0%BD%D1%8B%D0%B9%20%D0%A0%D0%B5%D0%B3%D1%83%D0%BB%D1%8F%D1%82%D0%BE%D1%80%20%D0%A2%D0%B5%D0%BC%D0%BF%D0%B5%D1%80%D0%B0%D1%82%D1%83%D1%80%D1%8B%20%28ESP8266%20%2B%20Blynk%29/Sibeng24Regulator%20-%202021.03.09/examples/Arduino/ArduinoNano_Regulator_EEPROM_Single/Variables.h","diagnostics":[{"range":{"start":{"line":5,"character":6},"end":{"line":5,"character":13}},"severity":1,"code":"unknown_typename","source":"clang","message":"Unknown type name 'uint8_t'"},{"range":{"start":{"line":8,"character":0},"end":{"line":8,"character":8}},"severity":1,"code":"unknown_typename","source":"clang","message":"Unknown type name 'uint32_t'"},{"range":{"start":{"line":11,"character":0},"end":{"line":11,"character":8}},"severity":1,"code":"unknown_typename","source":"clang","message":"Unknown type name 'uint32_t'"},{"range":{"start":{"line":13,"character":6},"end":{"line":13,"character":14}},"severity":1,"code":"unknown_typename","source":"clang","message":"Unknown type name 'uint32_t'"}]},"jsonrpc":"2.0"}Content-Length: 1488

{"method":"textDocument/publishDiagnostics","params":{"uri":"file:///c%3A/Users/36045/YandexDisk/%5B1%5D%20%D0%92%D0%B8%D0%B4%D0%B5%D0%BE%D0%BA%D0%B0%D0%BD%D0%B0%D0%BB/%5B0%5D%20%D0%A3%D1%80%D0%BE%D0%BA%20ESP8266/%23092%20%D0%A3%D0%BD%D0%B8%D0%B2%D0%B5%D1%80%D1%81%D0%B0%D0%BB%D1%8C%D0%BD%D1%8B%D0%B9%20%D0%A0%D0%B5%D0%B3%D1%83%D0%BB%D1%8F%D1%82%D0%BE%D1%80%20%D0%A2%D0%B5%D0%BC%D0%BF%D0%B5%D1%80%D0%B0%D1%82%D1%83%D1%80%D1%8B%20%28ESP8266%20%2B%20Blynk%29/Sibeng24Regulator%20-%202021.03.09/examples/Arduino/ArduinoNano_Regulator_EEPROM_Single/Timers.h","diagnostics":[{"range":{"start":{"line":5,"character":11},"end":{"line":5,"character":19}},"severity":1,"code":"unknown_typename","source":"clang","message":"Unknown type name 'uint32_t'"},{"range":{"start":{"line":5,"character":26},"end":{"line":5,"character":34}},"severity":1,"code":"unknown_typename","source":"clang","message":"Unknown type name 'uint32_t'"},{"range":{"start":{"line":6,"character":7},"end":{"line":6,"character":14}},"severity":1,"code":"undeclared_var_use","source":"clang","message":"Use of undeclared identifier 'int32_t'"},{"range":{"start":{"line":6,"character":16},"end":{"line":6,"character":18}},"severity":1,"code":"undeclared_var_use","source":"clang","message":"Use of undeclared identifier 'ms'"},{"range":{"start":{"line":8,"character":12},"end":{"line":8,"character":14}},"severity":1,"code":"undeclared_var_use","source":"clang","message":"Use of undeclared identifier 'ms'"}]},"jsonrpc":"2.0"}Content-Length: 36

{"id":1,"result":[],"jsonrpc":"2.0"}Content-Length: 36

{"id":2,"result":[],"jsonrpc":"2.0"}
<<<
%D1%83%D1%80%D1%8B%20%28ESP8266%20%2B%20Blynk%29/Sibeng24Regulator%20-%202021.03.09/examples/Arduino/ArduinoNano_Regulator_EEPROM_Single/Timers.h"},"range":{"start":{"line":0,"character":0},"end":{"line":0,"character":0}},"context":{"diagnostics":[]}}}Content-Length: 651

{"jsonrpc":"2.0","id":4,"method":"textDocument/hover","params":{"textDocument":{"uri":"file:///c%3A/Users/36045/YandexDisk/%5B1%5D%20%D0%92%D0%B8%D0%B4%D0%B5%D0%BE%D0%BA%D0%B0%D0%BD%D0%B0%D0%BB/%5B0%5D%20%D0%A3%D1%80%D0%BE%D0%BA%20ESP8266/%23092%20%D0%A3%D0%BD%D0%B8%D0%B2%D0%B5%D1%80%D1%81%D0%B0%D0%BB%D1%8C%D0%BD%D1%8B%D0%B9%20%D0%A0%D0%B5%D0%B3%D1%83%D0%BB%D1%8F%D1%82%D0%BE%D1%80%20%D0%A2%D0%B5%D0%BC%D0%BF%D0%B5%D1%80%D0%B0%D1%82%D1%83%D1%80%D1%8B%20%28ESP8266%20%2B%20Blynk%29/Sibeng24Regulator%20-%202021.03.09/examples/Arduino/ArduinoNano_Regulator_EEPROM_Single/ArduinoNano_Regulator_EEPROM_Single.ino"},"position":{"line":1,"character":42}}}Content-Length: 62

{"jsonrpc":"2.0","method":"$/cancelRequest","params":{"id":4}}Content-Length: 38

{"jsonrpc":"2.0","id":0,"result":null}
>>>
Content-Length: 36

{"id":3,"result":[],"jsonrpc":"2.0"}Content-Length: 38

{"id":4,"result":null,"jsonrpc":"2.0"}Content-Length: 143

{"method":"$/progress","params":{"token":"backgroundIndexProgress","value":{"title":"indexing","percentage":0,"kind":"begin"}},"jsonrpc":"2.0"}Content-Length: 158

{"method":"$/progress","params":{"token":"backgroundIndexProgress","value":{"message":"2/28","percentage":7.142857142857143,"kind":"report"}},"jsonrpc":"2.0"}
<<<
Content-Length: 691

{"jsonrpc":"2.0","id":5,"method":"textDocument/codeAction","params":{"textDocument":{"uri":"file:///c%3A/Users/36045/YandexDisk/%5B1%5D%20%D0%92%D0%B8%D0%B4%D0%B5%D0%BE%D0%BA%D0%B0%D0%BD%D0%B0%D0%BB/%5B0%5D%20%D0%A3%D1%80%D0%BE%D0%BA%20ESP8266/%23092%20%D0%A3%D0%BD%D0%B8%D0%B2%D0%B5%D1%80%D1%81%D0%B0%D0%BB%D1%8C%D0%BD%D1%8B%D0%B9%20%D0%A0%D0%B5%D0%B3%D1%83%D0%BB%D1%8F%D1%82%D0%BE%D1%80%20%D0%A2%D0%B5%D0%BC%D0%BF%D0%B5%D1%80%D0%B0%D1%82%D1%83%D1%80%D1%8B%20%28ESP8266%20%2B%20Blynk%29/Sibeng24Regulator%20-%202021.03.09/examples/Arduino/ArduinoNano_Regulator_EEPROM_Single/Timers.h"},"range":{"start":{"line":0,"character":0},"end":{"line":0,"character":0}},"context":{"diagnostics":[]}}}
>>>
Content-Length: 36

{"id":5,"result":[],"jsonrpc":"2.0"}Content-Length: 159

{"method":"$/progress","params":{"token":"backgroundIndexProgress","value":{"message":"3/28","percentage":10.714285714285714,"kind":"report"}},"jsonrpc":"2.0"}Content-Length: 159

{"method":"$/progress","params":{"token":"backgroundIndexProgress","value":{"message":"3/28","percentage":10.714285714285714,"kind":"report"}},"jsonrpc":"2.0"}Content-Length: 159

{"method":"$/progress","params":{"token":"backgroundIndexProgress","value":{"message":"4/28","percentage":14.285714285714286,"kind":"report"}},"jsonrpc":"2.0"}Content-Length: 159

{"method":"$/progress","params":{"token":"backgroundIndexProgress","value":{"message":"4/28","percentage":14.285714285714286,"kind":"report"}},"jsonrpc":"2.0"}Content-Length: 159

{"method":"$/progress","params":{"token":"backgroundIndexProgress","value":{"message":"5/28","percentage":17.857142857142858,"kind":"report"}},"jsonrpc":"2.0"}Content-Length: 159

{"method":"$/progress","params":{"token":"backgroundIndexProgress","value":{"message":"5/28","percentage":17.857142857142858,"kind":"report"}},"jsonrpc":"2.0"}Content-Length: 159

{"method":"$/progress","params":{"token":"backgroundIndexProgress","value":{"message":"6/28","percentage":21.428571428571427,"kind":"report"}},"jsonrpc":"2.0"}Content-Length: 159

{"method":"$/progress","params":{"token":"backgroundIndexProgress","value":{"message":"6/28","percentage":21.428571428571427,"kind":"report"}},"jsonrpc":"2.0"}Content-Length: 143

{"method":"$/progress","params":{"token":"backgroundIndexProgress","value":{"message":"7/28","percentage":25,"kind":"report"}},"jsonrpc":"2.0"}Content-Length: 143

{"method":"$/progress","params":{"token":"backgroundIndexProgress","value":{"message":"7/28","percentage":25,"kind":"report"}},"jsonrpc":"2.0"}Content-Length: 159

{"method":"$/progress","params":{"token":"backgroundIndexProgress","value":{"message":"8/28","percentage":28.571428571428573,"kind":"report"}},"jsonrpc":"2.0"}Content-Length: 159

{"method":"$/progress","params":{"token":"backgroundIndexProgress","value":{"message":"8/28","percentage":28.571428571428573,"kind":"report"}},"jsonrpc":"2.0"}Content-Length: 159

{"method":"$/progress","params":{"token":"backgroundIndexProgress","value":{"message":"9/28","percentage":32.142857142857146,"kind":"report"}},"jsonrpc":"2.0"}Content-Length: 159

{"method":"$/progress","params":{"token":"backgroundIndexProgress","value":{"message":"9/28","percentage":32.142857142857146,"kind":"report"}},"jsonrpc":"2.0"}Content-Length: 160

{"method":"$/progress","params":{"token":"backgroundIndexProgress","value":{"message":"10/28","percentage":35.714285714285715,"kind":"report"}},"jsonrpc":"2.0"}Content-Length: 160

{"method":"$/progress","params":{"token":"backgroundIndexProgress","value":{"message":"10/28","percentage":35.714285714285715,"kind":"report"}},"jsonrpc":"2.0"}Content-Length: 160

{"method":"$/progress","params":{"token":"backgroundIndexProgress","value":{"message":"11/28","percentage":39.285714285714285,"kind":"report"}},"jsonrpc":"2.0"}Content-Length: 160

{"method":"$/progress","params":{"token":"backgroundIndexProgress","value":{"message":"11/28","percentage":39.285714285714285,"kind":"report"}},"jsonrpc":"2.0"}Content-Length: 160

{"method":"$/progress","params":{"token":"backgroundIndexProgress","value":{"message":"12/28","percentage":42.857142857142854,"kind":"report"}},"jsonrpc":"2.0"}Content-Length: 160

{"method":"$/progress","params":{"token":"backgroundIndexProgress","value":{"message":"12/28","percentage":42.857142857142854,"kind":"report"}},"jsonrpc":"2.0"}Content-Length: 159

{"method":"$/progress","params":{"token":"backgroundIndexProgress","value":{"message":"13/28","percentage":46.42857142857143,"kind":"report"}},"jsonrpc":"2.0"}Content-Length: 159

{"method":"$/progress","params":{"token":"backgroundIndexProgress","value":{"message":"13/28","percentage":46.42857142857143,"kind":"report"}},"jsonrpc":"2.0"}Content-Length: 144

{"method":"$/progress","params":{"token":"backgroundIndexProgress","value":{"message":"14/28","percentage":50,"kind":"report"}},"jsonrpc":"2.0"}Content-Length: 144

{"method":"$/progress","params":{"token":"backgroundIndexProgress","value":{"message":"14/28","percentage":50,"kind":"report"}},"jsonrpc":"2.0"}Content-Length: 159

{"method":"$/progress","params":{"token":"backgroundIndexProgress","value":{"message":"15/28","percentage":53.57142857142857,"kind":"report"}},"jsonrpc":"2.0"}Content-Length: 159

{"method":"$/progress","params":{"token":"backgroundIndexProgress","value":{"message":"15/28","percentage":53.57142857142857,"kind":"report"}},"jsonrpc":"2.0"}Content-Length: 160

{"method":"$/progress","params":{"token":"backgroundIndexProgress","value":{"message":"16/28","percentage":57.142857142857146,"kind":"report"}},"jsonrpc":"2.0"}Content-Length: 160

{"method":"$/progress","params":{"token":"backgroundIndexProgress","value":{"message":"17/28","percentage":60.714285714285715,"kind":"report"}},"jsonrpc":"2.0"}Content-Length: 159

{"method":"$/progress","params":{"token":"backgroundIndexProgress","value":{"message":"18/28","percentage":64.28571428571429,"kind":"report"}},"jsonrpc":"2.0"}Content-Length: 159

{"method":"$/progress","params":{"token":"backgroundIndexProgress","value":{"message":"19/28","percentage":67.85714285714286,"kind":"report"}},"jsonrpc":"2.0"}Content-Length: 159

{"method":"$/progress","params":{"token":"backgroundIndexProgress","value":{"message":"19/28","percentage":67.85714285714286,"kind":"report"}},"jsonrpc":"2.0"}Content-Length: 159

{"method":"$/progress","params":{"token":"backgroundIndexProgress","value":{"message":"20/28","percentage":71.42857142857143,"kind":"report"}},"jsonrpc":"2.0"}Content-Length: 159

{"method":"$/progress","params":{"token":"backgroundIndexProgress","value":{"message":"20/28","percentage":71.42857142857143,"kind":"report"}},"jsonrpc":"2.0"}Content-Length: 144

{"method":"$/progress","params":{"token":"backgroundIndexProgress","value":{"message":"21/28","percentage":75,"kind":"report"}},"jsonrpc":"2.0"}Content-Length: 144

{"method":"$/progress","params":{"token":"backgroundIndexProgress","value":{"message":"21/28","percentage":75,"kind":"report"}},"jsonrpc":"2.0"}Content-Length: 159

{"method":"$/progress","params":{"token":"backgroundIndexProgress","value":{"message":"22/28","percentage":78.57142857142857,"kind":"report"}},"jsonrpc":"2.0"}Content-Length: 159

{"method":"$/progress","params":{"token":"backgroundIndexProgress","value":{"message":"22/28","percentage":78.57142857142857,"kind":"report"}},"jsonrpc":"2.0"}Content-Length: 159

{"method":"$/progress","params":{"token":"backgroundIndexProgress","value":{"message":"23/28","percentage":82.14285714285714,"kind":"report"}},"jsonrpc":"2.0"}Content-Length: 159

{"method":"$/progress","params":{"token":"backgroundIndexProgress","value":{"message":"24/28","percentage":85.71428571428571,"kind":"report"}},"jsonrpc":"2.0"}Content-Length: 159

{"method":"$/progress","params":{"token":"backgroundIndexProgress","value":{"message":"24/28","percentage":85.71428571428571,"kind":"report"}},"jsonrpc":"2.0"}Content-Length: 159

{"method":"$/progress","params":{"token":"backgroundIndexProgress","value":{"message":"25/28","percentage":89.28571428571429,"kind":"report"}},"jsonrpc":"2.0"}Content-Length: 159

{"method":"$/progress","params":{"token":"backgroundIndexProgress","value":{"message":"26/28","percentage":92.85714285714286,"kind":"report"}},"jsonrpc":"2.0"}Content-Length: 159

{"method":"$/progress","params":{"token":"backgroundIndexProgress","value":{"message":"27/28","percentage":96.42857142857143,"kind":"report"}},"jsonrpc":"2.0"}Content-Length: 107

{"method":"$/progress","params":{"token":"backgroundIndexProgress","value":{"kind":"end"}},"jsonrpc":"2.0"}
<<<
Content-Length: 652

{"jsonrpc":"2.0","id":6,"method":"textDocument/hover","params":{"textDocument":{"uri":"file:///c%3A/Users/36045/YandexDisk/%5B1%5D%20%D0%92%D0%B8%D0%B4%D0%B5%D0%BE%D0%BA%D0%B0%D0%BD%D0%B0%D0%BB/%5B0%5D%20%D0%A3%D1%80%D0%BE%D0%BA%20ESP8266/%23092%20%D0%A3%D0%BD%D0%B8%D0%B2%D0%B5%D1%80%D1%81%D0%B0%D0%BB%D1%8C%D0%BD%D1%8B%D0%B9%20%D0%A0%D0%B5%D0%B3%D1%83%D0%BB%D1%8F%D1%82%D0%BE%D1%80%20%D0%A2%D0%B5%D0%BC%D0%BF%D0%B5%D1%80%D0%B0%D1%82%D1%83%D1%80%D1%8B%20%28ESP8266%20%2B%20Blynk%29/Sibeng24Regulator%20-%202021.03.09/examples/Arduino/ArduinoNano_Regulator_EEPROM_Single/ArduinoNano_Regulator_EEPROM_Single.ino"},"position":{"line":54,"character":47}}}
>>>
Content-Length: 38

{"id":6,"result":null,"jsonrpc":"2.0"}
<<<
Content-Length: 652

{"jsonrpc":"2.0","id":7,"method":"textDocument/hover","params":{"textDocument":{"uri":"file:///c%3A/Users/36045/YandexDisk/%5B1%5D%20%D0%92%D0%B8%D0%B4%D0%B5%D0%BE%D0%BA%D0%B0%D0%BD%D0%B0%D0%BB/%5B0%5D%20%D0%A3%D1%80%D0%BE%D0%BA%20ESP8266/%23092%20%D0%A3%D0%BD%D0%B8%D0%B2%D0%B5%D1%80%D1%81%D0%B0%D0%BB%D1%8C%D0%BD%D1%8B%D0%B9%20%D0%A0%D0%B5%D0%B3%D1%83%D0%BB%D1%8F%D1%82%D0%BE%D1%80%20%D0%A2%D0%B5%D0%BC%D0%BF%D0%B5%D1%80%D0%B0%D1%82%D1%83%D1%80%D1%8B%20%28ESP8266%20%2B%20Blynk%29/Sibeng24Regulator%20-%202021.03.09/examples/Arduino/ArduinoNano_Regulator_EEPROM_Single/ArduinoNano_Regulator_EEPROM_Single.ino"},"position":{"line":22,"character":21}}}
>>>
Content-Length: 38

{"id":7,"result":null,"jsonrpc":"2.0"}
<<<
Content-Length: 652

{"jsonrpc":"2.0","id":8,"method":"textDocument/hover","params":{"textDocument":{"uri":"file:///c%3A/Users/36045/YandexDisk/%5B1%5D%20%D0%92%D0%B8%D0%B4%D0%B5%D0%BE%D0%BA%D0%B0%D0%BD%D0%B0%D0%BB/%5B0%5D%20%D0%A3%D1%80%D0%BE%D0%BA%20ESP8266/%23092%20%D0%A3%D0%BD%D0%B8%D0%B2%D0%B5%D1%80%D1%81%D0%B0%D0%BB%D1%8C%D0%BD%D1%8B%D0%B9%20%D0%A0%D0%B5%D0%B3%D1%83%D0%BB%D1%8F%D1%82%D0%BE%D1%80%20%D0%A2%D0%B5%D0%BC%D0%BF%D0%B5%D1%80%D0%B0%D1%82%D1%83%D1%80%D1%8B%20%28ESP8266%20%2B%20Blynk%29/Sibeng24Regulator%20-%202021.03.09/examples/Arduino/ArduinoNano_Regulator_EEPROM_Single/ArduinoNano_Regulator_EEPROM_Single.ino"},"position":{"line":22,"character":10}}}
>>>
Content-Length: 38

{"id":8,"result":null,"jsonrpc":"2.0"}
<<<
Content-Length: 725

{"jsonrpc":"2.0","id":9,"method":"textDocument/codeAction","params":{"textDocument":{"uri":"file:///c%3A/Users/36045/YandexDisk/%5B1%5D%20%D0%92%D0%B8%D0%B4%D0%B5%D0%BE%D0%BA%D0%B0%D0%BD%D0%B0%D0%BB/%5B0%5D%20%D0%A3%D1%80%D0%BE%D0%BA%20ESP8266/%23092%20%D0%A3%D0%BD%D0%B8%D0%B2%D0%B5%D1%80%D1%81%D0%B0%D0%BB%D1%8C%D0%BD%D1%8B%D0%B9%20%D0%A0%D0%B5%D0%B3%D1%83%D0%BB%D1%8F%D1%82%D0%BE%D1%80%20%D0%A2%D0%B5%D0%BC%D0%BF%D0%B5%D1%80%D0%B0%D1%82%D1%83%D1%80%D1%8B%20%28ESP8266%20%2B%20Blynk%29/Sibeng24Regulator%20-%202021.03.09/examples/Arduino/ArduinoNano_Regulator_EEPROM_Single/ArduinoNano_Regulator_EEPROM_Single.ino"},"range":{"start":{"line":22,"character":9},"end":{"line":22,"character":26}},"context":{"diagnostics":[]}}}
>>>
Content-Length: 36

{"id":9,"result":[],"jsonrpc":"2.0"}
<<<
Content-Length: 726

{"jsonrpc":"2.0","id":10,"method":"textDocument/codeAction","params":{"textDocument":{"uri":"file:///c%3A/Users/36045/YandexDisk/%5B1%5D%20%D0%92%D0%B8%D0%B4%D0%B5%D0%BE%D0%BA%D0%B0%D0%BD%D0%B0%D0%BB/%5B0%5D%20%D0%A3%D1%80%D0%BE%D0%BA%20ESP8266/%23092%20%D0%A3%D0%BD%D0%B8%D0%B2%D0%B5%D1%80%D1%81%D0%B0%D0%BB%D1%8C%D0%BD%D1%8B%D0%B9%20%D0%A0%D0%B5%D0%B3%D1%83%D0%BB%D1%8F%D1%82%D0%BE%D1%80%20%D0%A2%D0%B5%D0%BC%D0%BF%D0%B5%D1%80%D0%B0%D1%82%D1%83%D1%80%D1%8B%20%28ESP8266%20%2B%20Blynk%29/Sibeng24Regulator%20-%202021.03.09/examples/Arduino/ArduinoNano_Regulator_EEPROM_Single/ArduinoNano_Regulator_EEPROM_Single.ino"},"range":{"start":{"line":22,"character":9},"end":{"line":22,"character":27}},"context":{"diagnostics":[]}}}
>>>
Content-Length: 37

{"id":10,"result":[],"jsonrpc":"2.0"}
<<<
Content-Length: 653

{"jsonrpc":"2.0","id":11,"method":"textDocument/hover","params":{"textDocument":{"uri":"file:///c%3A/Users/36045/YandexDisk/%5B1%5D%20%D0%92%D0%B8%D0%B4%D0%B5%D0%BE%D0%BA%D0%B0%D0%BD%D0%B0%D0%BB/%5B0%5D%20%D0%A3%D1%80%D0%BE%D0%BA%20ESP8266/%23092%20%D0%A3%D0%BD%D0%B8%D0%B2%D0%B5%D1%80%D1%81%D0%B0%D0%BB%D1%8C%D0%BD%D1%8B%D0%B9%20%D0%A0%D0%B5%D0%B3%D1%83%D0%BB%D1%8F%D1%82%D0%BE%D1%80%20%D0%A2%D0%B5%D0%BC%D0%BF%D0%B5%D1%80%D0%B0%D1%82%D1%83%D1%80%D1%8B%20%28ESP8266%20%2B%20Blynk%29/Sibeng24Regulator%20-%202021.03.09/examples/Arduino/ArduinoNano_Regulator_EEPROM_Single/ArduinoNano_Regulator_EEPROM_Single.ino"},"position":{"line":22,"character":26}}}
>>>
Content-Length: 39

{"id":11,"result":null,"jsonrpc":"2.0"}
<<<
Content-Length: 652

{"jsonrpc":"2.0","id":12,"method":"textDocument/hover","params":{"textDocument":{"uri":"file:///c%3A/Users/36045/YandexDisk/%5B1%5D%20%D0%92%D0%B8%D0%B4%D0%B5%D0%BE%D0%BA%D0%B0%D0%BD%D0%B0%D0%BB/%5B0%5D%20%D0%A3%D1%80%D0%BE%D0%BA%20ESP8266/%23092%20%D0%A3%D0%BD%D0%B8%D0%B2%D0%B5%D1%80%D1%81%D0%B0%D0%BB%D1%8C%D0%BD%D1%8B%D0%B9%20%D0%A0%D0%B5%D0%B3%D1%83%D0%BB%D1%8F%D1%82%D0%BE%D1%80%20%D0%A2%D0%B5%D0%BC%D0%BF%D0%B5%D1%80%D0%B0%D1%82%D1%83%D1%80%D1%8B%20%28ESP8266%20%2B%20Blynk%29/Sibeng24Regulator%20-%202021.03.09/examples/Arduino/ArduinoNano_Regulator_EEPROM_Single/ArduinoNano_Regulator_EEPROM_Single.ino"},"position":{"line":22,"character":7}}}
>>>
Content-Length: 39

{"id":12,"result":null,"jsonrpc":"2.0"}
<<<
Content-Length: 652

{"jsonrpc":"2.0","id":13,"method":"textDocument/hover","params":{"textDocument":{"uri":"file:///c%3A/Users/36045/YandexDisk/%5B1%5D%20%D0%92%D0%B8%D0%B4%D0%B5%D0%BE%D0%BA%D0%B0%D0%BD%D0%B0%D0%BB/%5B0%5D%20%D0%A3%D1%80%D0%BE%D0%BA%20ESP8266/%23092%20%D0%A3%D0%BD%D0%B8%D0%B2%D0%B5%D1%80%D1%81%D0%B0%D0%BB%D1%8C%D0%BD%D1%8B%D0%B9%20%D0%A0%D0%B5%D0%B3%D1%83%D0%BB%D1%8F%D1%82%D0%BE%D1%80%20%D0%A2%D0%B5%D0%BC%D0%BF%D0%B5%D1%80%D0%B0%D1%82%D1%83%D1%80%D1%8B%20%28ESP8266%20%2B%20Blynk%29/Sibeng24Regulator%20-%202021.03.09/examples/Arduino/ArduinoNano_Regulator_EEPROM_Single/ArduinoNano_Regulator_EEPROM_Single.ino"},"position":{"line":22,"character":9}}}
>>>
Content-Length: 39

{"id":13,"result":null,"jsonrpc":"2.0"}
<<<
Content-Length: 652

{"jsonrpc":"2.0","id":14,"method":"textDocument/hover","params":{"textDocument":{"uri":"file:///c%3A/Users/36045/YandexDisk/%5B1%5D%20%D0%92%D0%B8%D0%B4%D0%B5%D0%BE%D0%BA%D0%B0%D0%BD%D0%B0%D0%BB/%5B0%5D%20%D0%A3%D1%80%D0%BE%D0%BA%20ESP8266/%23092%20%D0%A3%D0%BD%D0%B8%D0%B2%D0%B5%D1%80%D1%81%D0%B0%D0%BB%D1%8C%D0%BD%D1%8B%D0%B9%20%D0%A0%D0%B5%D0%B3%D1%83%D0%BB%D1%8F%D1%82%D0%BE%D1%80%20%D0%A2%D0%B5%D0%BC%D0%BF%D0%B5%D1%80%D0%B0%D1%82%D1%83%D1%80%D1%8B%20%28ESP8266%20%2B%20Blynk%29/Sibeng24Regulator%20-%202021.03.09/examples/Arduino/ArduinoNano_Regulator_EEPROM_Single/ArduinoNano_Regulator_EEPROM_Single.ino"},"position":{"line":22,"character":9}}}
>>>
Content-Length: 39

{"id":14,"result":null,"jsonrpc":"2.0"}
<<<
Content-Length: 665

{"jsonrpc":"2.0","id":15,"method":"textDocument/documentHighlight","params":{"textDocument":{"uri":"file:///c%3A/Users/36045/YandexDisk/%5B1%5D%20%D0%92%D0%B8%D0%B4%D0%B5%D0%BE%D0%BA%D0%B0%D0%BD%D0%B0%D0%BB/%5B0%5D%20%D0%A3%D1%80%D0%BE%D0%BA%20ESP8266/%23092%20%D0%A3%D0%BD%D0%B8%D0%B2%D0%B5%D1%80%D1%81%D0%B0%D0%BB%D1%8C%D0%BD%D1%8B%D0%B9%20%D0%A0%D0%B5%D0%B3%D1%83%D0%BB%D1%8F%D1%82%D0%BE%D1%80%20%D0%A2%D0%B5%D0%BC%D0%BF%D0%B5%D1%80%D0%B0%D1%82%D1%83%D1%80%D1%8B%20%28ESP8266%20%2B%20Blynk%29/Sibeng24Regulator%20-%202021.03.09/examples/Arduino/ArduinoNano_Regulator_EEPROM_Single/ArduinoNano_Regulator_EEPROM_Single.ino"},"position":{"line":22,"character":10}}}
>>>
Content-Length: 37

{"id":15,"result":[],"jsonrpc":"2.0"}
<<<
Content-Length: 727

{"jsonrpc":"2.0","id":16,"method":"textDocument/codeAction","params":{"textDocument":{"uri":"file:///c%3A/Users/36045/YandexDisk/%5B1%5D%20%D0%92%D0%B8%D0%B4%D0%B5%D0%BE%D0%BA%D0%B0%D0%BD%D0%B0%D0%BB/%5B0%5D%20%D0%A3%D1%80%D0%BE%D0%BA%20ESP8266/%23092%20%D0%A3%D0%BD%D0%B8%D0%B2%D0%B5%D1%80%D1%81%D0%B0%D0%BB%D1%8C%D0%BD%D1%8B%D0%B9%20%D0%A0%D0%B5%D0%B3%D1%83%D0%BB%D1%8F%D1%82%D0%BE%D1%80%20%D0%A2%D0%B5%D0%BC%D0%BF%D0%B5%D1%80%D0%B0%D1%82%D1%83%D1%80%D1%8B%20%28ESP8266%20%2B%20Blynk%29/Sibeng24Regulator%20-%202021.03.09/examples/Arduino/ArduinoNano_Regulator_EEPROM_Single/ArduinoNano_Regulator_EEPROM_Single.ino"},"range":{"start":{"line":22,"character":10},"end":{"line":22,"character":33}},"context":{"diagnostics":[]}}}
>>>
Content-Length: 37

{"id":16,"result":[],"jsonrpc":"2.0"}
<<<
Content-Length: 727

{"jsonrpc":"2.0","id":17,"method":"textDocument/codeAction","params":{"textDocument":{"uri":"file:///c%3A/Users/36045/YandexDisk/%5B1%5D%20%D0%92%D0%B8%D0%B4%D0%B5%D0%BE%D0%BA%D0%B0%D0%BD%D0%B0%D0%BB/%5B0%5D%20%D0%A3%D1%80%D0%BE%D0%BA%20ESP8266/%23092%20%D0%A3%D0%BD%D0%B8%D0%B2%D0%B5%D1%80%D1%81%D0%B0%D0%BB%D1%8C%D0%BD%D1%8B%D0%B9%20%D0%A0%D0%B5%D0%B3%D1%83%D0%BB%D1%8F%D1%82%D0%BE%D1%80%20%D0%A2%D0%B5%D0%BC%D0%BF%D0%B5%D1%80%D0%B0%D1%82%D1%83%D1%80%D1%8B%20%28ESP8266%20%2B%20Blynk%29/Sibeng24Regulator%20-%202021.03.09/examples/Arduino/ArduinoNano_Regulator_EEPROM_Single/ArduinoNano_Regulator_EEPROM_Single.ino"},"range":{"start":{"line":22,"character":10},"end":{"line":22,"character":27}},"context":{"diagnostics":[]}}}
>>>
Content-Length: 37

{"id":17,"result":[],"jsonrpc":"2.0"}
<<<
Content-Length: 653

{"jsonrpc":"2.0","id":18,"method":"textDocument/hover","params":{"textDocument":{"uri":"file:///c%3A/Users/36045/YandexDisk/%5B1%5D%20%D0%92%D0%B8%D0%B4%D0%B5%D0%BE%D0%BA%D0%B0%D0%BD%D0%B0%D0%BB/%5B0%5D%20%D0%A3%D1%80%D0%BE%D0%BA%20ESP8266/%23092%20%D0%A3%D0%BD%D0%B8%D0%B2%D0%B5%D1%80%D1%81%D0%B0%D0%BB%D1%8C%D0%BD%D1%8B%D0%B9%20%D0%A0%D0%B5%D0%B3%D1%83%D0%BB%D1%8F%D1%82%D0%BE%D1%80%20%D0%A2%D0%B5%D0%BC%D0%BF%D0%B5%D1%80%D0%B0%D1%82%D1%83%D1%80%D1%8B%20%28ESP8266%20%2B%20Blynk%29/Sibeng24Regulator%20-%202021.03.09/examples/Arduino/ArduinoNano_Regulator_EEPROM_Single/ArduinoNano_Regulator_EEPROM_Single.ino"},"position":{"line":22,"character":26}}}Content-Length: 63

{"jsonrpc":"2.0","method":"$/cancelRequest","params":{"id":18}}
>>>
Content-Length: 39

{"id":18,"result":null,"jsonrpc":"2.0"}
<<<
Content-Length: 653

{"jsonrpc":"2.0","id":19,"method":"textDocument/hover","params":{"textDocument":{"uri":"file:///c%3A/Users/36045/YandexDisk/%5B1%5D%20%D0%92%D0%B8%D0%B4%D0%B5%D0%BE%D0%BA%D0%B0%D0%BD%D0%B0%D0%BB/%5B0%5D%20%D0%A3%D1%80%D0%BE%D0%BA%20ESP8266/%23092%20%D0%A3%D0%BD%D0%B8%D0%B2%D0%B5%D1%80%D1%81%D0%B0%D0%BB%D1%8C%D0%BD%D1%8B%D0%B9%20%D0%A0%D0%B5%D0%B3%D1%83%D0%BB%D1%8F%D1%82%D0%BE%D1%80%20%D0%A2%D0%B5%D0%BC%D0%BF%D0%B5%D1%80%D0%B0%D1%82%D1%83%D1%80%D1%8B%20%28ESP8266%20%2B%20Blynk%29/Sibeng24Regulator%20-%202021.03.09/examples/Arduino/ArduinoNano_Regulator_EEPROM_Single/ArduinoNano_Regulator_EEPROM_Single.ino"},"position":{"line":22,"character":27}}}
>>>
Content-Length: 39

{"id":19,"result":null,"jsonrpc":"2.0"}
<<<
Content-Length: 658

{"jsonrpc":"2.0","id":20,"method":"textDocument/definition","params":{"textDocument":{"uri":"file:///c%3A/Users/36045/YandexDisk/%5B1%5D%20%D0%92%D0%B8%D0%B4%D0%B5%D0%BE%D0%BA%D0%B0%D0%BD%D0%B0%D0%BB/%5B0%5D%20%D0%A3%D1%80%D0%BE%D0%BA%20ESP8266/%23092%20%D0%A3%D0%BD%D0%B8%D0%B2%D0%B5%D1%80%D1%81%D0%B0%D0%BB%D1%8C%D0%BD%D1%8B%D0%B9%20%D0%A0%D0%B5%D0%B3%D1%83%D0%BB%D1%8F%D1%82%D0%BE%D1%80%20%D0%A2%D0%B5%D0%BC%D0%BF%D0%B5%D1%80%D0%B0%D1%82%D1%83%D1%80%D1%8B%20%28ESP8266%20%2B%20Blynk%29/Sibeng24Regulator%20-%202021.03.09/examples/Arduino/ArduinoNano_Regulator_EEPROM_Single/ArduinoNano_Regulator_EEPROM_Single.ino"},"position":{"line":22,"character":27}}}
>>>
Content-Length: 219

{"id":20,"result":[{"uri":"file:///C:/Users/36045/Documents/Arduino/libraries/Sibeng24Regulator/Sibeng24RegulatorEEPROM_AVR.h","range":{"start":{"line":0,"character":0},"end":{"line":0,"character":0}}}],"jsonrpc":"2.0"}
<<<
Content-Length: 2469

{"jsonrpc":"2.0","method":"textDocument/didOpen","params":{"textDocument":{"uri":"file:///c%3A/Users/36045/Documents/Arduino/libraries/Sibeng24Regulator/Sibeng24RegulatorEEPROM_AVR.h","languageId":"cpp","version":1,"text":"#ifndef Sibeng24RegulatorEEPROM_AVR_h\r\n#define Sibeng24RegulatorEEPROM_AVR_h\r\n\r\n#include <Sibeng24RegulatorEEPROM.h>\r\n\r\n////////////////////////////////////////////////\r\n// Работа с Sibeng24RegulatorEEPROM_AVR\r\n\r\nclass Sibeng24RegulatorEEPROM_AVR : public Sibeng24RegulatorEEPROM {\r\n\r\n \r\n  protected:\r\n\r\n    // Сохраняем данные в EEPROM\r\n    void SaveSettigsEEPROM(uint16_t addr, uint8_t &value) { \r\n        EEPROM_writeAnything(addr, value);\r\n    }\r\n    // Сохраняем данные в EEPROM\r\n    void SaveSettigsEEPROM(uint16_t addr, float &value) {\r\n        EEPROM.put(addr,  value);\r\n    }\r\n    // Сохраняем данные в EEPROM\r\n    void SaveSettigsEEPROM(uint16_t addr, bool &value) {\r\n        EEPROM_writeAnything(addr, value);\r\n    }\r\n     // Проверяем что записанно в нулевой ячеке EEPROM\r\n     // Проверяем инициализированна ли память\r\n    bool checkEEPROM(){\r\n      uint16_t check;\r\n      \r\n      EEPROM_readAnything(0, check);\r\n      \r\n      if(EEPROMcheck == check){\r\n        return true;\r\n      }\r\n      else{\r\n        if(count == _id){\r\n          EEPROM_writeAnything(0, EEPROMcheck);\r\n        }\r\n        return false;\r\n       }\r\n    }\r\n\r\npublic:\r\n\r\n    Sibeng24RegulatorEEPROM_AVR() {\r\n      initEEPROM();\r\n    }\r\nprotected:     \r\n    // Читаем все настройки из EEPROM\r\n    void ReadAllSettingsEEPROM() {\r\n      EEPROM_readAnything(_a[a_RegulatorType], _RegulatorType);\r\n      EEPROM_readAnything(_a[a_Mode], _Mode);\r\n      EEPROM_readAnything(_a[a_ErrState], _ErrState);\r\n      EEPROM_readAnything(_a[a_RLL], _RLL);\r\n\r\n      EEPROM.get(_a[a_TempSet],  _TempSet);\r\n      EEPROM.get(_a[a_Delta],   _Delta);\r\n    }\r\npublic:\r\n    // Сбросить настройки всех Экземпляров класса после перезагрузки устройства\r\n    void setAllFactorySettings(){\r\n      EEPROMcheck++;\r\n      EEPROM_writeAnything(0, EEPROMcheck);\r\n    }\r\n    \r\n}; // Sibeng24RegulatorEEPROM_AVR\r\n\r\n#endif Sibeng24RegulatorEEPROM_AVR_h\r\n"}}}Content-Length: 187

{"jsonrpc":"2.0","method":"textDocument/didClose","params":{"textDocument":{"uri":"file:///c%3A/Users/36045/Documents/Arduino/libraries/Sibeng24Regulator/Sibeng24RegulatorEEPROM_AVR.h"}}}
>>>
Content-Length: 195

{"method":"textDocument/publishDiagnostics","params":{"uri":"file:///c:/Users/36045/Documents/Arduino/libraries/Sibeng24Regulator/Sibeng24RegulatorEEPROM_AVR.h","diagnostics":[]},"jsonrpc":"2.0"}
<<<
Content-Length: 658

{"jsonrpc":"2.0","id":21,"method":"textDocument/definition","params":{"textDocument":{"uri":"file:///c%3A/Users/36045/YandexDisk/%5B1%5D%20%D0%92%D0%B8%D0%B4%D0%B5%D0%BE%D0%BA%D0%B0%D0%BD%D0%B0%D0%BB/%5B0%5D%20%D0%A3%D1%80%D0%BE%D0%BA%20ESP8266/%23092%20%D0%A3%D0%BD%D0%B8%D0%B2%D0%B5%D1%80%D1%81%D0%B0%D0%BB%D1%8C%D0%BD%D1%8B%D0%B9%20%D0%A0%D0%B5%D0%B3%D1%83%D0%BB%D1%8F%D1%82%D0%BE%D1%80%20%D0%A2%D0%B5%D0%BC%D0%BF%D0%B5%D1%80%D0%B0%D1%82%D1%83%D1%80%D1%8B%20%28ESP8266%20%2B%20Blynk%29/Sibeng24Regulator%20-%202021.03.09/examples/Arduino/ArduinoNano_Regulator_EEPROM_Single/ArduinoNano_Regulator_EEPROM_Single.ino"},"position":{"line":28,"character":65}}}
>>>
Content-Length: 613

{"id":21,"result":[{"uri":"file:///c%3A/Users/36045/YandexDisk/%5B1%5D%20%D0%92%D0%B8%D0%B4%D0%B5%D0%BE%D0%BA%D0%B0%D0%BD%D0%B0%D0%BB/%5B0%5D%20%D0%A3%D1%80%D0%BE%D0%BA%20ESP8266/%23092%20%D0%A3%D0%BD%D0%B8%D0%B2%D0%B5%D1%80%D1%81%D0%B0%D0%BB%D1%8C%D0%BD%D1%8B%D0%B9%20%D0%A0%D0%B5%D0%B3%D1%83%D0%BB%D1%8F%D1%82%D0%BE%D1%80%20%D0%A2%D0%B5%D0%BC%D0%BF%D0%B5%D1%80%D0%B0%D1%82%D1%83%D1%80%D1%8B%20%28ESP8266%20%2B%20Blynk%29/Sibeng24Regulator%20-%202021.03.09/examples/Arduino/ArduinoNano_Regulator_EEPROM_Single/Timers.h","range":{"start":{"line":0,"character":0},"end":{"line":0,"character":0}}}],"jsonrpc":"2.0"}
<<<
Content-Length: 59

{"jsonrpc":"2.0","id":22,"method":"shutdown","params":null}
>>>
Content-Length: 39

{"id":22,"result":null,"jsonrpc":"2.0"}
<<<
Content-Length: 47

{"jsonrpc":"2.0","method":"exit","params":null}